{"numFailedTestSuites":2,"numFailedTests":2,"numPassedTestSuites":0,"numPassedTests":0,"numPendingTestSuites":0,"numPendingTests":0,"numRuntimeErrorTestSuites":0,"numTodoTests":0,"numTotalTestSuites":2,"numTotalTests":2,"openHandles":[],"snapshot":{"added":0,"didUpdate":false,"failure":false,"filesAdded":0,"filesRemoved":0,"filesRemovedList":[],"filesUnmatched":0,"filesUpdated":0,"matched":0,"total":0,"unchecked":0,"uncheckedKeysByFile":[],"unmatched":0,"updated":0},"startTime":1763164426170,"success":false,"testResults":[{"assertionResults":[{"ancestorTitles":["Payment Failed Screen - Complete flow from app launch through all error scenarios"],"duration":22928,"failureDetails":[{"name":"DetoxRuntimeError"}],"failureMessages":["Test Failed: Timed out while waiting for expectation: TOBEVISIBLE WITH MATCHER(id == “payment-failed-different-card-button”) TIMEOUT(2s)\n\nView Hierarchy:\n<UIWindowScene: 0x318009000; scene = <FBSScene: 0x600003fc8aa0; identifier: sceneID:com.tzrif86.microcommit-default>; persistentIdentifier = 92F315E7-6537-40E4-B4CA-6A235E73C7EB; activationState = UISceneActivationStateForegroundActive>\n   + <UIWindow: 0x318306e60; frame = (0 0; 390 844); layer = <UIWindowLayer: 0x6000000be640>>\n   |    | <UITransitionView: 0x318614290; frame = (0 0; 390 844); layer = <CALayer: 0x600000eb8e60>>\n   |    |    | <UIDropShadowView: 0x318614490; frame = (0 0; 390 844); layer = <CALayer: 0x600000eb83a0>>\n   |    |    |    | <RCTSurfaceHostingProxyRootView: 0x318612230; frame = (0 0; 390 844); layer = <CALayer: 0x600000eb8260>>\n   |    |    |    |    | <RCTSurfaceView: 0x326554f70; frame = (0 0; 390 844); layer = <CALayer: 0x600000e66520>>\n   |    |    |    |    |    | <RCTRootComponentView: 0x3184fd540; frame = (0 0; 390 844); ax.label = \"  Payment couldn't be processed Your card was declined. Please try a different payment method. Goal Summary  Test Goal  Commitment: $10  Charity: Test Charity Your goal hasn't been created yet. You can try again or use a different payment method. No charges have been made. Try Again Use Different Card Need Help? Cancel Goal Horizontal scroll bar, 1 page Toolbar ! Open debugger to view warnings. 9 [ANALYTICS] Payment Failed Event: {\"timestamp\":\"2025-11-14T23:54:21.141Z\",\"error_type\":\"card_declined\",\"goal_id\":\"unknown\",\"goal_name\":\"Test Goal\",\"commitment_amount\":\"10\",\"charity_name\":\"Test Charity\"}\"; layer = <CALayer: 0x600000fb1cc0>>\n   |    |    |    |    |    |    | <RCTSafeAreaViewComponentView: 0x3177a5470; frame = (10 703; 370 121); ax.label = \"! Open debugger to view warnings. 9 [ANALYTICS] Payment Failed Event: {\"timestamp\":\"2025-11-14T23:54:21.141Z\",\"error_type\":\"card_declined\",\"goal_id\":\"unknown\",\"goal_name\":\"Test Goal\",\"commitment_amount\":\"10\",\"charity_name\":\"Test Charity\"}\"; layer = <CALayer: 0x600000f4ec00>>\n   |    |    |    |    |    |    |    | <RCTViewComponentView: 0x3265fea20; frame = (0 53.6667; 370 48.3333); ax.label = \"9 [ANALYTICS] Payment Failed Event: {\"timestamp\":\"2025-11-14T23:54:21.141Z\",\"error_type\":\"card_declined\",\"goal_id\":\"unknown\",\"goal_name\":\"Test Goal\",\"commitment_amount\":\"10\",\"charity_name\":\"Test Charity\"}\"; layer = <CALayer: 0x600000f39f80>>\n   |    |    |    |    |    |    |    |    | <RCTViewComponentView: 0x3265fed00; frame = (0 0.666667; 370 48); ax.label = \"9 [ANALYTICS] Payment Failed Event: {\"timestamp\":\"2025-11-14T23:54:21.141Z\",\"error_type\":\"card_declined\",\"goal_id\":\"unknown\",\"goal_name\":\"Test Goal\",\"commitment_amount\":\"10\",\"charity_name\":\"Test Charity\"}\"; layer = <CALayer: 0x600000f39fa0>>\n   |    |    |    |    |    |    |    |    |    | <RCTViewComponentView: 0x3265fefe0; frame = (0 0.333333; 370 48); ax.label = \"9 [ANALYTICS] Payment Failed Event: {\"timestamp\":\"2025-11-14T23:54:21.141Z\",\"error_type\":\"card_declined\",\"goal_id\":\"unknown\",\"goal_name\":\"Test Goal\",\"commitment_amount\":\"10\",\"charity_name\":\"Test Charity\"}\"; layer = <CALayer: 0x600000f39fc0>>\n   |    |    |    |    |    |    |    |    |    |    | <RCTViewComponentView: 0x328704920; frame = (338 14; 20 20); layer = <CALayer: 0x600000f3a140>>\n   |    |    |    |    |    |    |    |    |    |    |    | <RCTImageComponentView: 0x328704c00; frame = (6 6; 8 8); layer = <CALayer: 0x600000f0f5e0>>\n   |    |    |    |    |    |    |    |    |    |    |    |    | <RCTUIImageViewAnimated: 0x327083110; frame = (0 0; 8 8); layer = <CALayer: 0x600000f0f520>>\n   |    |    |    |    |    |    |    |    |    |    | <RCTParagraphComponentView: 0x328704360; frame = (51 13; 282 22); text = \"[ANALYTICS] Payment Failed Event: {\"timestamp\":\"2025-11-14T23:54:21.141Z\",\"error_type\":\"card_declined\",\"goal_id\":\"unknown\",\"goal_name\":\"Test Goal\",\"commitment_amount\":\"10\",\"charity_name\":\"Test Charity\"}\"; ax.label = \"[ANALYTICS] Payment Failed Event: {\"timestamp\":\"2025-11-14T23:54:21.141Z\",\"error_type\":\"card_declined\",\"goal_id\":\"unknown\",\"goal_name\":\"Test Goal\",\"commitment_amount\":\"10\",\"charity_name\":\"Test Charity\"}\"; layer = <CALayer: 0x600000f3a0c0>>\n   |    |    |    |    |    |    |    |    |    |    |    | <RCTParagraphTextView: 0x3287046a0; frame = (0 0; 282 22); layer = <CALayer: 0x600000f3a0e0>>\n   |    |    |    |    |    |    |    |    |    |    |    | <RCTAccessibilityElement: 0x600002af08a0; ax.frame = (0 0; 282 22); ax.label = \"[ANALYTICS] Payment Failed Event: {\"timestamp\":\"2025-11-14T23:54:21.141Z\",\"error_type\":\"card_declined\",\"goal_id\":\"unknown\",\"goal_name\":\"Test Goal\",\"commitment_amount\":\"10\",\"charity_name\":\"Test Charity\"}\">\n   |    |    |    |    |    |    |    |    |    |    | <RCTViewComponentView: 0x328704080; frame = (42 13; 291 22); layer = <CALayer: 0x600000f3a0a0>>\n   |    |    |    |    |    |    |    |    |    |    | <RCTParagraphComponentView: 0x3265ff880; frame = (18 15; 10 18); text = \"9\"; ax.label = \"9\"; layer = <CALayer: 0x600000f3a020>>\n   |    |    |    |    |    |    |    |    |    |    |    | <RCTParagraphTextView: 0x3265ffbc0; frame = (0 0; 10 18); layer = <CALayer: 0x600000f3a040>>\n   |    |    |    |    |    |    |    |    |    |    |    | <RCTAccessibilityElement: 0x600002af0600; ax.frame = (0 0; 10 18); ax.label = \"9\">\n   |    |    |    |    |    |    |    |    |    |    | <RCTViewComponentView: 0x3265ff5a0; frame = (14 15; 18 18); layer = <CALayer: 0x600000f3a000>>\n   |    |    |    |    |    |    |    |    |    |    | <RCTViewComponentView: 0x3265ff2c0; frame = (12 13; 22 22); layer = <CALayer: 0x600000f39fe0>>\n   |    |    |    |    |    |    |    | <RCTViewComponentView: 0x326a47c70; frame = (0 0; 370 48.6667); ax.label = \"! Open debugger to view warnings.\"; layer = <CALayer: 0x600000f4df20>>\n   |    |    |    |    |    |    |    |    | <RCTViewComponentView: 0x326a47f50; frame = (0 0.666667; 370 48); ax.label = \"! Open debugger to view warnings.\"; layer = <CALayer: 0x600000f4ee20>>\n   |    |    |    |    |    |    |    |    |    | <RCTViewComponentView: 0x326a483f0; frame = (0 0.333333; 370 48); ax.label = \"! Open debugger to view warnings.\"; layer = <CALayer: 0x600000f4e4e0>>\n   |    |    |    |    |    |    |    |    |    |    | <RCTViewComponentView: 0x326a49ef0; frame = (338 14; 20 20); layer = <CALayer: 0x600000f5f4e0>>\n   |    |    |    |    |    |    |    |    |    |    |    | <RCTImageComponentView: 0x326a4a1d0; frame = (6 6; 8 8); layer = <CALayer: 0x600000f5fba0>>\n   |    |    |    |    |    |    |    |    |    |    |    |    | <RCTUIImageViewAnimated: 0x326a4a6e0; frame = (0 0; 8 8); layer = <CALayer: 0x600000f5f880>>\n   |    |    |    |    |    |    |    |    |    |    | <RCTParagraphComponentView: 0x326a49930; frame = (51 13; 282 22); text = \"Open debugger to view warnings.\"; ax.label = \"Open debugger to view warnings.\"; layer = <CALayer: 0x600000f50380>>\n   |    |    |    |    |    |    |    |    |    |    |    | <RCTParagraphTextView: 0x326a49c70; frame = (0 0; 282 22); layer = <CALayer: 0x600000f5fca0>>\n   |    |    |    |    |    |    |    |    |    |    |    | <RCTAccessibilityElement: 0x600002a85f20; ax.frame = (0 0; 282 22); ax.label = \"Open debugger to view warnings.\">\n   |    |    |    |    |    |    |    |    |    |    | <RCTViewComponentView: 0x326a49650; frame = (42 13; 291 22); layer = <CALayer: 0x600000f51cc0>>\n   |    |    |    |    |    |    |    |    |    |    | <RCTParagraphComponentView: 0x326a48c90; frame = (18 15; 10 18); text = \"!\"; ax.label = \"!\"; layer = <CALayer: 0x600000f4ba00>>\n   |    |    |    |    |    |    |    |    |    |    |    | <RCTParagraphTextView: 0x326a491d0; frame = (0 0; 10 18); layer = <CALayer: 0x600000f49920>>\n   |    |    |    |    |    |    |    |    |    |    |    | <RCTAccessibilityElement: 0x600002a85e60; ax.frame = (0 0; 10 18); ax.label = \"!\">\n   |    |    |    |    |    |    |    |    |    |    | <RCTViewComponentView: 0x326a489b0; frame = (14 15; 18 18); layer = <CALayer: 0x600000f4f280>>\n   |    |    |    |    |    |    |    |    |    |    | <RCTViewComponentView: 0x326a486d0; frame = (12 13; 22 22); layer = <CALayer: 0x600000f4ee40>>\n   |    |    |    |    |    |    | <RCTViewComponentView: 0x326a46010; frame = (0 0; 390 844); layer = <CALayer: 0x600000f4ea80>>\n   |    |    |    |    |    |    |    | <RCTDebuggingOverlayComponentView: 0x326a46670; frame = (0 0; 390 844); layer = <CALayer: 0x600000f4e7a0>>\n   |    |    |    |    |    |    |    |    | <RCTDebuggingOverlay: 0x326a46960; frame = (0 0; 390 844); layer = <CALayer: 0x600000f4ec20>>\n   |    |    |    |    |    |    | <RNCSafeAreaProviderComponentView: 0x326a45890; frame = (0 0; 390 844); ax.label = \"  Payment couldn't be processed Your card was declined. Please try a different payment method. Goal Summary  Test Goal  Commitment: $10  Charity: Test Charity Your goal hasn't been created yet. You can try again or use a different payment method. No charges have been made. Try Again Use Different Card Need Help? Cancel Goal Horizontal scroll bar, 1 page Toolbar\"; layer = <CALayer: 0x600000f4c920>>\n   |    |    |    |    |    |    |    | <RNSScreenStackView: 0x327218280; frame = (0 0; 390 844); ax.label = \"  Payment couldn't be processed Your card was declined. Please try a different payment method. Goal Summary  Test Goal  Commitment: $10  Charity: Test Charity Your goal hasn't been created yet. You can try again or use a different payment method. No charges have been made. Try Again Use Different Card Need Help? Cancel Goal Horizontal scroll bar, 1 page Toolbar\"; layer = <CALayer: 0x600000f60a60>>\n   |    |    |    |    |    |    |    |    | <UILayoutContainerView: 0x318524f50; frame = (0 0; 390 844); layer = <CALayer: 0x600000ff99a0>>\n   |    |    |    |    |    |    |    |    |    | <UIToolbar: 0x32716e4a0; frame = (0 844; 390 49); ax.id = \"Toolbar\"; ax.label = \"Toolbar\"; layer = <CALayer: 0x600000f01160>>\n   |    |    |    |    |    |    |    |    |    |    | <_UIBarBackground: 0x319604550; frame = (0 0; 390 83); layer = <CALayer: 0x600000edea40>>\n   |    |    |    |    |    |    |    |    |    |    |    | <_UIBarBackgroundShadowView: 0x319604f10; frame = (0 -0.333333; 390 0.333333); layer = <CALayer: 0x600000ede6a0>>\n   |    |    |    |    |    |    |    |    |    |    |    |    | <_UIBarBackgroundShadowContentImageView: 0x319605c20; frame = (0 0; 390 0.333333); layer = <CALayer: 0x600000edfea0>>\n   |    |    |    |    |    |    |    |    |    |    |    | <UIVisualEffectView: 0x3196049c0; frame = (0 0; 390 83); layer = <CALayer: 0x600000ede780>>\n   |    |    |    |    |    |    |    |    |    |    |    |    | <_UIVisualEffectBackdropView: 0x319605650; frame = (0 0; 390 83); layer = <UICABackdropLayer: 0x6000000f0510>>\n   |    |    |    |    |    |    |    |    |    | <UINavigationTransitionView: 0x3186fbe90; frame = (0 0; 390 844); layer = <CALayer: 0x600000e37be0>>\n   |    |    |    |    |    |    |    |    |    |    | <UIViewControllerWrapperView: 0x326571030; frame = (0 0; 390 844); layer = <CALayer: 0x6000008c9e20>>\n   |    |    |    |    |    |    |    |    |    |    |    | <RNSScreenView: 0x32c1ae600; frame = (0 0; 390 844); ax.label = \"  Payment couldn't be processed Your card was declined. Please try a different payment method. Goal Summary  Test Goal  Commitment: $10  Charity: Test Charity Your goal hasn't been created yet. You can try again or use a different payment method. No charges have been made. Try Again Use Different Card Need Help? Cancel Goal Horizontal scroll bar, 1 page\"; layer = <CALayer: 0x600000f24860>>\n   |    |    |    |    |    |    |    |    |    |    |    |    | <RNSScreenStackHeaderConfig: 0x32c12fa00; frame = (0 0; 390 0); layer = <CALayer: 0x600000f24900>>\n   |    |    |    |    |    |    |    |    |    |    |    |    | <RNSScreenContentWrapper: 0x32726f4c0; frame = (0 0; 390 844); ax.label = \"  Payment couldn't be processed Your card was declined. Please try a different payment method. Goal Summary  Test Goal  Commitment: $10  Charity: Test Charity Your goal hasn't been created yet. You can try again or use a different payment method. No charges have been made. Try Again Use Different Card Need Help? Cancel Goal Horizontal scroll bar, 1 page\"; layer = <CALayer: 0x600000f248e0>>\n   |    |    |    |    |    |    |    |    |    |    |    |    |    | <RNSScreenStackView: 0x3272508b0; frame = (0 0; 390 844); ax.label = \"  Payment couldn't be processed Your card was declined. Please try a different payment method. Goal Summary  Test Goal  Commitment: $10  Charity: Test Charity Your goal hasn't been created yet. You can try again or use a different payment method. No charges have been made. Try Again Use Different Card Need Help? Cancel Goal Horizontal scroll bar, 1 page\"; layer = <CALayer: 0x600000f246a0>>\n   |    |    |    |    |    |    |    |    |    |    |    |    |    |    | <UILayoutContainerView: 0x3270c6c60; frame = (0 0; 390 844); layer = <CALayer: 0x6000008d9580>>\n   |    |    |    |    |    |    |    |    |    |    |    |    |    |    |    | <UINavigationTransitionView: 0x3270c8dc0; frame = (0 0; 390 844); layer = <CALayer: 0x6000008d99c0>>\n   |    |    |    |    |    |    |    |    |    |    |    |    |    |    |    |    | <UIViewControllerWrapperView: 0x327192d50; frame = (0 0; 390 844); layer = <CALayer: 0x600000f20b60>>\n   |    |    |    |    |    |    |    |    |    |    |    |    |    |    |    |    |    | <RNSScreenView: 0x32c1b6200; frame = (0 0; 390 844); ax.label = \"  Payment couldn't be processed Your card was declined. Please try a different payment method. Goal Summary  Test Goal  Commitment: $10  Charity: Test Charity Your goal hasn't been created yet. You can try again or use a different payment method. No charges have been made. Try Again Use Different Card Need Help? Cancel Goal Horizontal scroll bar, 1 page\"; layer = <CALayer: 0x600000f24fc0>>\n   |    |    |    |    |    |    |    |    |    |    |    |    |    |    |    |    |    |    | <RNSScreenStackHeaderConfig: 0x32c13d600; frame = (0 0; 390 0); layer = <CALayer: 0x600000f25060>>\n   |    |    |    |    |    |    |    |    |    |    |    |    |    |    |    |    |    |    | <RNSScreenContentWrapper: 0x327287fa0; frame = (0 0; 390 844); ax.label = \"  Payment couldn't be processed Your card was declined. Please try a different payment method. Goal Summary  Test Goal  Commitment: $10  Charity: Test Charity Your goal hasn't been created yet. You can try again or use a different payment method. No charges have been made. Try Again Use Different Card Need Help? Cancel Goal Horizontal scroll bar, 1 page\"; layer = <CALayer: 0x600000f25080>>\n   |    |    |    |    |    |    |    |    |    |    |    |    |    |    |    |    |    |    |    | <RCTScrollViewComponentView: 0x327288570; frame = (0 0; 390 844); ax.id = \"payment-failed-scrollview\"; ax.label = \"  Payment couldn't be processed Your card was declined. Please try a different payment method. Goal Summary  Test Goal  Commitment: $10  Charity: Test Charity Your goal hasn't been created yet. You can try again or use a different payment method. No charges have been made. Try Again Use Different Card Need Help? Cancel Goal Horizontal scroll bar, 1 page\"; layer = <CALayer: 0x600000f24b60>>\n   |    |    |    |    |    |    |    |    |    |    |    |    |    |    |    |    |    |    |    |    | <RCTEnhancedScrollView: 0x32c1b6e00; frame = (0 0; 390 844); layer = <CALayer: 0x600000f24a00>>\n   |    |    |    |    |    |    |    |    |    |    |    |    |    |    |    |    |    |    |    |    |    | <_UIScrollViewScrollIndicator: 0x3270ce1e0; frame = (44.3333 838; 301 3); ax.label = \"Horizontal scroll bar, 1 page\"; ax.value = \"0%\"; layer = <CALayer: 0x6000008d80c0>>\n   |    |    |    |    |    |    |    |    |    |    |    |    |    |    |    |    |    |    |    |    |    |    | <UIView: 0x3270ce3b0; frame = (0 0; 301 3); layer = <CALayer: 0x6000008da9c0>>\n   |    |    |    |    |    |    |    |    |    |    |    |    |    |    |    |    |    |    |    |    |    | <UIView: 0x327289fa0; frame = (0 0; 390 914); layer = <CALayer: 0x600000f25fa0>>\n   |    |    |    |    |    |    |    |    |    |    |    |    |    |    |    |    |    |    |    |    |    |    | <RCTViewComponentView: 0x32728a140; frame = (0 0; 390 914); ax.label = \"  Payment couldn't be processed Your card was declined. Please try a different payment method. Goal Summary  Test Goal  Commitment: $10  Charity: Test Charity Your goal hasn't been created yet. You can try again or use a different payment method. No charges have been made. Try Again Use Different Card Need Help? Cancel Goal\"; layer = <CALayer: 0x600000f25fe0>>\n   |    |    |    |    |    |    |    |    |    |    |    |    |    |    |    |    |    |    |    |    |    |    |    | <RCTViewComponentView: 0x32728b560; frame = (16 638; 358 244); ax.label = \"Try Again Use Different Card Need Help? Cancel Goal\"; layer = <CALayer: 0x600000f260c0>>\n   |    |    |    |    |    |    |    |    |    |    |    |    |    |    |    |    |    |    |    |    |    |    |    |    | <RCTViewComponentView: 0x3271b1110; frame = (0 200; 358 44); ax.id = \"payment-failed-cancel-link\"; ax.label = \"Cancel Goal\"; layer = <CALayer: 0x600000f22760>>\n   |    |    |    |    |    |    |    |    |    |    |    |    |    |    |    |    |    |    |    |    |    |    |    |    |    | <RCTParagraphComponentView: 0x3271b28c0; frame = (140 13.3333; 77.6667 17); text = \"Cancel Goal\"; ax.label = \"Cancel Goal\"; layer = <CALayer: 0x600000f22ba0>>\n   |    |    |    |    |    |    |    |    |    |    |    |    |    |    |    |    |    |    |    |    |    |    |    |    |    |    | <RCTParagraphTextView: 0x3271b2c00; frame = (0 0; 77.6667 17); layer = <CALayer: 0x600000f20400>>\n   |    |    |    |    |    |    |    |    |    |    |    |    |    |    |    |    |    |    |    |    |    |    |    |    |    |    | <RCTAccessibilityElement: 0x600002af8180; ax.frame = (0 0; 77.6667 17); ax.label = \"Cancel Goal\">\n   |    |    |    |    |    |    |    |    |    |    |    |    |    |    |    |    |    |    |    |    |    |    |    |    | <RCTViewComponentView: 0x3271b0e30; frame = (0 136; 358 44); ax.id = \"payment-failed-help-link\"; ax.label = \"Need Help?\"; layer = <CALayer: 0x600000f22820>>\n   |    |    |    |    |    |    |    |    |    |    |    |    |    |    |    |    |    |    |    |    |    |    |    |    |    | <RCTParagraphComponentView: 0x3271b21d0; frame = (135.667 12.3333; 86.3333 19.3334); text = \"Need Help?\"; ax.label = \"Need Help?\"; layer = <CALayer: 0x600000f21aa0>>\n   |    |    |    |    |    |    |    |    |    |    |    |    |    |    |    |    |    |    |    |    |    |    |    |    |    |    | <RCTParagraphTextView: 0x3271b2510; frame = (0 0; 86.3333 19.3334); layer = <CALayer: 0x600000f22940>>\n   |    |    |    |    |    |    |    |    |    |    |    |    |    |    |    |    |    |    |    |    |    |    |    |    |    |    | <RCTAccessibilityElement: 0x600002af8360; ax.frame = (0 0; 86.3333 19.3334); ax.label = \"Need Help?\">\n   |    |    |    |    |    |    |    |    |    |    |    |    |    |    |    |    |    |    |    |    |    |    |    |    | <RCTViewComponentView: 0x3271b0b50; frame = (0 68; 358 48); ax.id = \"payment-failed-different-card-button\"; ax.label = \"Use Different Card\"; layer = <CALayer: 0x600000f20840>>\n   |    |    |    |    |    |    |    |    |    |    |    |    |    |    |    |    |    |    |    |    |    |    |    |    |    | <RCTParagraphComponentView: 0x3271b1ae0; frame = (108.667 14.3333; 140.667 19.3334); text = \"Use Different Card\"; ax.label = \"Use Different Card\"; layer = <CALayer: 0x600000f220c0>>\n   |    |    |    |    |    |    |    |    |    |    |    |    |    |    |    |    |    |    |    |    |    |    |    |    |    |    | <RCTParagraphTextView: 0x3271b1e20; frame = (0 0; 140.667 19.3334); layer = <CALayer: 0x600000f22aa0>>\n   |    |    |    |    |    |    |    |    |    |    |    |    |    |    |    |    |    |    |    |    |    |    |    |    |    |    | <RCTAccessibilityElement: 0x600002af83c0; ax.frame = (0 0; 140.667 19.3334); ax.label = \"Use Different Card\">\n   |    |    |    |    |    |    |    |    |    |    |    |    |    |    |    |    |    |    |    |    |    |    |    |    | <RCTViewComponentView: 0x3271b0870; frame = (0 0; 358 56); ax.id = \"payment-failed-try-again-button\"; ax.label = \"Try Again\"; layer = <CALayer: 0x600000f20fe0>>\n   |    |    |    |    |    |    |    |    |    |    |    |    |    |    |    |    |    |    |    |    |    |    |    |    |    | <RCTParagraphComponentView: 0x3271b13f0; frame = (138.333 17; 81.3333 21.6667); text = \"Try Again\"; ax.label = \"Try Again\"; layer = <CALayer: 0x600000f22b60>>\n   |    |    |    |    |    |    |    |    |    |    |    |    |    |    |    |    |    |    |    |    |    |    |    |    |    |    | <RCTParagraphTextView: 0x3271b1730; frame = (0 0; 81.3333 21.6667); layer = <CALayer: 0x600000f22480>>\n   |    |    |    |    |    |    |    |    |    |    |    |    |    |    |    |    |    |    |    |    |    |    |    |    |    |    | <RCTAccessibilityElement: 0x600002af8240; ax.frame = (0 0; 81.3333 21.6667); ax.label = \"Try Again\">\n   |    |    |    |    |    |    |    |    |    |    |    |    |    |    |    |    |    |    |    |    |    |    |    | <RCTViewComponentView: 0x32728b280; frame = (16 538; 358 68); ax.label = \"Your goal hasn't been created yet. You can try again or use a different payment method. No charges have been made.\"; layer = <CALayer: 0x600000f260a0>>\n   |    |    |    |    |    |    |    |    |    |    |    |    |    |    |    |    |    |    |    |    |    |    |    |    | <RCTParagraphComponentView: 0x3271b0180; frame = (16 48; 326 20); text = \"No charges have been made.\"; ax.label = \"No charges have been made.\"; layer = <CALayer: 0x600000f20100>>\n   |    |    |    |    |    |    |    |    |    |    |    |    |    |    |    |    |    |    |    |    |    |    |    |    |    | <RCTParagraphTextView: 0x3271b04c0; frame = (0 0; 326 20); layer = <CALayer: 0x600000f200e0>>\n   |    |    |    |    |    |    |    |    |    |    |    |    |    |    |    |    |    |    |    |    |    |    |    |    |    | <RCTAccessibilityElement: 0x600002af8480; ax.frame = (0 0; 326 20); ax.label = \"No charges have been made.\">\n   |    |    |    |    |    |    |    |    |    |    |    |    |    |    |    |    |    |    |    |    |    |    |    |    | <RCTParagraphComponentView: 0x3271afa90; frame = (16 0; 326 40); text = \"Your goal hasn't been created yet. You can try again or use a different payment method.\"; ax.label = \"Your goal hasn't been created yet. You can try again or use a different payment method.\"; layer = <CALayer: 0x600000f20120>>\n   |    |    |    |    |    |    |    |    |    |    |    |    |    |    |    |    |    |    |    |    |    |    |    |    |    | <RCTParagraphTextView: 0x3271afdd0; frame = (0 0; 326 40); layer = <CALayer: 0x600000f200a0>>\n   |    |    |    |    |    |    |    |    |    |    |    |    |    |    |    |    |    |    |    |    |    |    |    |    |    | <RCTAccessibilityElement: 0x600002af85a0; ax.frame = (0 0; 326 40); ax.label = \"Your goal hasn't been created yet. You can try again or use a different payment method.\">\n   |    |    |    |    |    |    |    |    |    |    |    |    |    |    |    |    |    |    |    |    |    |    |    | <RCTViewComponentView: 0x32728afa0; frame = (16 364; 358 150); ax.id = \"payment-failed-goal-summary\"; ax.label = \"Goal Summary  Test Goal  Commitment: $10  Charity: Test Charity\"; layer = <CALayer: 0x600000f26080>>\n   |    |    |    |    |    |    |    |    |    |    |    |    |    |    |    |    |    |    |    |    |    |    |    |    | <RCTParagraphComponentView: 0x327df4810; frame = (45 105; 296 20); text = \"Charity: Test Charity\"; ax.label = \"Charity: Test Charity\"; layer = <CALayer: 0x600000f2c2a0>>\n   |    |    |    |    |    |    |    |    |    |    |    |    |    |    |    |    |    |    |    |    |    |    |    |    |    | <RCTParagraphTextView: 0x327df4b50; frame = (0 0; 296 20); layer = <CALayer: 0x600000f2cd60>>\n   |    |    |    |    |    |    |    |    |    |    |    |    |    |    |    |    |    |    |    |    |    |    |    |    |    | <RCTAccessibilityElement: 0x600002af4180; ax.frame = (0 0; 296 20); ax.label = \"Charity: Test Charity\">\n   |    |    |    |    |    |    |    |    |    |    |    |    |    |    |    |    |    |    |    |    |    |    |    |    | <RCTParagraphComponentView: 0x327df4250; frame = (17 105; 20 20); text = \"\"; ax.label = \"\"; layer = <CALayer: 0x600000f2cb00>>\n   |    |    |    |    |    |    |    |    |    |    |    |    |    |    |    |    |    |    |    |    |    |    |    |    |    | <RCTParagraphTextView: 0x327df4590; frame = (0 0; 20 20); layer = <CALayer: 0x600000f2cca0>>\n   |    |    |    |    |    |    |    |    |    |    |    |    |    |    |    |    |    |    |    |    |    |    |    |    |    | <RCTAccessibilityElement: 0x600002a8ff60; ax.frame = (0 0; 20 20); ax.label = \"\">\n   |    |    |    |    |    |    |    |    |    |    |    |    |    |    |    |    |    |    |    |    |    |    |    |    | <RCTParagraphComponentView: 0x327df3c90; frame = (45 77; 296 20); text = \"Commitment: $10\"; ax.label = \"Commitment: $10\"; layer = <CALayer: 0x600000f2cc60>>\n   |    |    |    |    |    |    |    |    |    |    |    |    |    |    |    |    |    |    |    |    |    |    |    |    |    | <RCTParagraphTextView: 0x327df3fd0; frame = (0 0; 296 20); layer = <CALayer: 0x600000f2c140>>\n   |    |    |    |    |    |    |    |    |    |    |    |    |    |    |    |    |    |    |    |    |    |    |    |    |    | <RCTAccessibilityElement: 0x600002afc420; ax.frame = (0 0; 296 20); ax.label = \"Commitment: $10\">\n   |    |    |    |    |    |    |    |    |    |    |    |    |    |    |    |    |    |    |    |    |    |    |    |    | <RCTParagraphComponentView: 0x327df36d0; frame = (17 77; 20 20); text = \"\"; ax.label = \"\"; layer = <CALayer: 0x600000f2cba0>>\n   |    |    |    |    |    |    |    |    |    |    |    |    |    |    |    |    |    |    |    |    |    |    |    |    |    | <RCTParagraphTextView: 0x327df3a10; frame = (0 0; 20 20); layer = <CALayer: 0x600000f2c500>>\n   |    |    |    |    |    |    |    |    |    |    |    |    |    |    |    |    |    |    |    |    |    |    |    |    |    | <RCTAccessibilityElement: 0x600002a8e040; ax.frame = (0 0; 20 20); ax.label = \"\">\n   |    |    |    |    |    |    |    |    |    |    |    |    |    |    |    |    |    |    |    |    |    |    |    |    | <RCTParagraphComponentView: 0x32728e990; frame = (45 49; 296 20); text = \"Test Goal\"; ax.label = \"Test Goal\"; layer = <CALayer: 0x600000f264c0>>\n   |    |    |    |    |    |    |    |    |    |    |    |    |    |    |    |    |    |    |    |    |    |    |    |    |    | <RCTParagraphTextView: 0x327df2f80; frame = (0 0; 296 20); layer = <CALayer: 0x600000f2cc80>>\n   |    |    |    |    |    |    |    |    |    |    |    |    |    |    |    |    |    |    |    |    |    |    |    |    |    | <RCTAccessibilityElement: 0x600002afc6c0; ax.frame = (0 0; 296 20); ax.label = \"Test Goal\">\n   |    |    |    |    |    |    |    |    |    |    |    |    |    |    |    |    |    |    |    |    |    |    |    |    | <RCTParagraphComponentView: 0x32728e2a0; frame = (17 49; 20 20); text = \"\"; ax.label = \"\"; layer = <CALayer: 0x600000f26440>>\n   |    |    |    |    |    |    |    |    |    |    |    |    |    |    |    |    |    |    |    |    |    |    |    |    |    | <RCTParagraphTextView: 0x32728e5e0; frame = (0 0; 20 20); layer = <CALayer: 0x600000f26460>>\n   |    |    |    |    |    |    |    |    |    |    |    |    |    |    |    |    |    |    |    |    |    |    |    |    |    | <RCTAccessibilityElement: 0x600002a8e5e0; ax.frame = (0 0; 20 20); ax.label = \"\">\n   |    |    |    |    |    |    |    |    |    |    |    |    |    |    |    |    |    |    |    |    |    |    |    |    | <RCTParagraphComponentView: 0x32728dbb0; frame = (17 17; 324 20); text = \"Goal Summary\"; ax.label = \"Goal Summary\"; layer = <CALayer: 0x600000f263c0>>\n   |    |    |    |    |    |    |    |    |    |    |    |    |    |    |    |    |    |    |    |    |    |    |    |    |    | <RCTParagraphTextView: 0x32728def0; frame = (0 0; 324 20); layer = <CALayer: 0x600000f263e0>>\n   |    |    |    |    |    |    |    |    |    |    |    |    |    |    |    |    |    |    |    |    |    |    |    |    |    | <RCTAccessibilityElement: 0x600002a8edc0; ax.frame = (0 0; 324 20); ax.label = \"Goal Summary\">\n   |    |    |    |    |    |    |    |    |    |    |    |    |    |    |    |    |    |    |    |    |    |    |    | <RCTViewComponentView: 0x32728acc0; frame = (16 292; 358 48); ax.id = \"payment-failed-error-message\"; ax.label = \"Your card was declined. Please try a different payment method.\"; layer = <CALayer: 0x600000f26060>>\n   |    |    |    |    |    |    |    |    |    |    |    |    |    |    |    |    |    |    |    |    |    |    |    |    | <RCTParagraphComponentView: 0x32728d4c0; frame = (16 0; 326 48); text = \"Your card was declined. Please try a different payment method.\"; ax.label = \"Your card was declined. Please try a different payment method.\"; layer = <CALayer: 0x600000f26320>>\n   |    |    |    |    |    |    |    |    |    |    |    |    |    |    |    |    |    |    |    |    |    |    |    |    |    | <RCTParagraphTextView: 0x32728d800; frame = (0 0; 326 48); layer = <CALayer: 0x600000f26340>>\n   |    |    |    |    |    |    |    |    |    |    |    |    |    |    |    |    |    |    |    |    |    |    |    |    |    | <RCTAccessibilityElement: 0x600002afc480; ax.frame = (0 0; 326 48); ax.label = \"Your card was declined. Please try a different payment method.\">\n   |    |    |    |    |    |    |    |    |    |    |    |    |    |    |    |    |    |    |    |    |    |    |    | <RCTViewComponentView: 0x32728a9e0; frame = (16 244; 358 32); ax.label = \"Payment couldn't be processed\"; layer = <CALayer: 0x600000f26040>>\n   |    |    |    |    |    |    |    |    |    |    |    |    |    |    |    |    |    |    |    |    |    |    |    |    | <RCTParagraphComponentView: 0x32728cdd0; frame = (0 0; 358 32); text = \"Payment couldn't be processed\"; ax.label = \"Payment couldn't be processed\"; layer = <CALayer: 0x600000f26280>>\n   |    |    |    |    |    |    |    |    |    |    |    |    |    |    |    |    |    |    |    |    |    |    |    |    |    | <RCTParagraphTextView: 0x32728d110; frame = (0 0; 358 32); layer = <CALayer: 0x600000f262a0>>\n   |    |    |    |    |    |    |    |    |    |    |    |    |    |    |    |    |    |    |    |    |    |    |    |    |    | <RCTAccessibilityElement: 0x600002a8f9c0; ax.frame = (0 0; 358 32); ax.label = \"Payment couldn't be processed\">\n   |    |    |    |    |    |    |    |    |    |    |    |    |    |    |    |    |    |    |    |    |    |    |    | <RCTViewComponentView: 0x32728a700; frame = (16 124; 358 96); ax.label = \"\"; layer = <CALayer: 0x600000f26020>>\n   |    |    |    |    |    |    |    |    |    |    |    |    |    |    |    |    |    |    |    |    |    |    |    |    | <RCTParagraphComponentView: 0x32728c810; frame = (147 16; 64 64); text = \"\"; ax.label = \"\"; layer = <CALayer: 0x600000f261e0>>\n   |    |    |    |    |    |    |    |    |    |    |    |    |    |    |    |    |    |    |    |    |    |    |    |    |    | <RCTParagraphTextView: 0x32728cb50; frame = (0 0; 64 64); layer = <CALayer: 0x600000f26200>>\n   |    |    |    |    |    |    |    |    |    |    |    |    |    |    |    |    |    |    |    |    |    |    |    |    |    | <RCTAccessibilityElement: 0x600002a8d8c0; ax.frame = (0 0; 64 64); ax.label = \"\">\n   |    |    |    |    |    |    |    |    |    |    |    |    |    |    |    |    |    |    |    |    |    |    |    |    | <RCTViewComponentView: 0x32728c530; frame = (131 0; 96 96); layer = <CALayer: 0x600000f261c0>>\n   |    |    |    |    |    |    |    |    |    |    |    |    |    |    |    |    |    |    |    |    |    |    |    | <RCTViewComponentView: 0x32728a420; frame = (16 60; 358 44); ax.label = \"\"; layer = <CALayer: 0x600000f26000>>\n   |    |    |    |    |    |    |    |    |    |    |    |    |    |    |    |    |    |    |    |    |    |    |    |    | <RCTViewComponentView: 0x32728b840; frame = (0 0; 44 44); ax.id = \"payment-failed-back-button\"; ax.label = \"\"; layer = <CALayer: 0x600000f260e0>>\n   |    |    |    |    |    |    |    |    |    |    |    |    |    |    |    |    |    |    |    |    |    |    |    |    |    | <RCTParagraphComponentView: 0x32728bb20; frame = (10 10; 24 24); text = \"\"; ax.label = \"\"; layer = <CALayer: 0x600000f26100>>\n   |    |    |    |    |    |    |    |    |    |    |    |    |    |    |    |    |    |    |    |    |    |    |    |    |    |    | <RCTParagraphTextView: 0x32728be60; frame = (0 0; 24 24); layer = <CALayer: 0x600000f26120>>\n   |    |    |    |    |    |    |    |    |    |    |    |    |    |    |    |    |    |    |    |    |    |    |    |    |    |    | <RCTAccessibilityElement: 0x600002a8e0a0; ax.frame = (0 0; 24 24); ax.label = \"\">\n   |    |    |    |    |    |    |    |    |    |    |    |    |    |    |    |    |    |    |    | <RCTViewComponentView: 0x327288290; frame = (0 0; 390 844); ax.id = \"payment-failed-screen\"; layer = <CALayer: 0x600000f24a80>>\n   |    |    |    |    |    |    |    | <RCTViewComponentView: 0x318175820; frame = (0 0; 390 844); ax.id = \"app-root\"; layer = <CALayer: 0x600000f60200>>\n\n    at Object.withTimeout (/Users/omertzadiki/Desktop/dev/tzrif86/products/MicroCommit/mobile-e2e/screen-167-payment-screen.test.js:168:8)\n    at Generator.next (<anonymous>)\n    at asyncGeneratorStep (/Users/omertzadiki/Desktop/dev/tzrif86/products/MicroCommit/node_modules/@babel/runtime/helpers/asyncToGenerator.js:3:17)\n    at _next (/Users/omertzadiki/Desktop/dev/tzrif86/products/MicroCommit/node_modules/@babel/runtime/helpers/asyncToGenerator.js:17:9)\n    at processTicksAndRejections (node:internal/process/task_queues:105:5)"],"fullName":"Payment Failed Screen - Complete flow from app launch through all error scenarios should display all error types, test navigation, and user interactions","invocations":1,"location":null,"numPassingAsserts":0,"retryReasons":[],"status":"failed","title":"should display all error types, test navigation, and user interactions"}],"endTime":1763164470421,"message":"  ● Payment Failed Screen - Complete flow from app launch through all error scenarios › should display all error types, test navigation, and user interactions\n\n    Test Failed: Timed out while waiting for expectation: TOBEVISIBLE WITH MATCHER(id == “payment-failed-different-card-button”) TIMEOUT(2s)\n\n    View Hierarchy:\n    <UIWindowScene: 0x318009000; scene = <FBSScene: 0x600003fc8aa0; identifier: sceneID:com.tzrif86.microcommit-default>; persistentIdentifier = 92F315E7-6537-40E4-B4CA-6A235E73C7EB; activationState = UISceneActivationStateForegroundActive>\n       + <UIWindow: 0x318306e60; frame = (0 0; 390 844); layer = <UIWindowLayer: 0x6000000be640>>\n       |    | <UITransitionView: 0x318614290; frame = (0 0; 390 844); layer = <CALayer: 0x600000eb8e60>>\n       |    |    | <UIDropShadowView: 0x318614490; frame = (0 0; 390 844); layer = <CALayer: 0x600000eb83a0>>\n       |    |    |    | <RCTSurfaceHostingProxyRootView: 0x318612230; frame = (0 0; 390 844); layer = <CALayer: 0x600000eb8260>>\n       |    |    |    |    | <RCTSurfaceView: 0x326554f70; frame = (0 0; 390 844); layer = <CALayer: 0x600000e66520>>\n       |    |    |    |    |    | <RCTRootComponentView: 0x3184fd540; frame = (0 0; 390 844); ax.label = \"  Payment couldn't be processed Your card was declined. Please try a different payment method. Goal Summary  Test Goal  Commitment: $10  Charity: Test Charity Your goal hasn't been created yet. You can try again or use a different payment method. No charges have been made. Try Again Use Different Card Need Help? Cancel Goal Horizontal scroll bar, 1 page Toolbar ! Open debugger to view warnings. 9 [ANALYTICS] Payment Failed Event: {\"timestamp\":\"2025-11-14T23:54:21.141Z\",\"error_type\":\"card_declined\",\"goal_id\":\"unknown\",\"goal_name\":\"Test Goal\",\"commitment_amount\":\"10\",\"charity_name\":\"Test Charity\"}\"; layer = <CALayer: 0x600000fb1cc0>>\n       |    |    |    |    |    |    | <RCTSafeAreaViewComponentView: 0x3177a5470; frame = (10 703; 370 121); ax.label = \"! Open debugger to view warnings. 9 [ANALYTICS] Payment Failed Event: {\"timestamp\":\"2025-11-14T23:54:21.141Z\",\"error_type\":\"card_declined\",\"goal_id\":\"unknown\",\"goal_name\":\"Test Goal\",\"commitment_amount\":\"10\",\"charity_name\":\"Test Charity\"}\"; layer = <CALayer: 0x600000f4ec00>>\n       |    |    |    |    |    |    |    | <RCTViewComponentView: 0x3265fea20; frame = (0 53.6667; 370 48.3333); ax.label = \"9 [ANALYTICS] Payment Failed Event: {\"timestamp\":\"2025-11-14T23:54:21.141Z\",\"error_type\":\"card_declined\",\"goal_id\":\"unknown\",\"goal_name\":\"Test Goal\",\"commitment_amount\":\"10\",\"charity_name\":\"Test Charity\"}\"; layer = <CALayer: 0x600000f39f80>>\n       |    |    |    |    |    |    |    |    | <RCTViewComponentView: 0x3265fed00; frame = (0 0.666667; 370 48); ax.label = \"9 [ANALYTICS] Payment Failed Event: {\"timestamp\":\"2025-11-14T23:54:21.141Z\",\"error_type\":\"card_declined\",\"goal_id\":\"unknown\",\"goal_name\":\"Test Goal\",\"commitment_amount\":\"10\",\"charity_name\":\"Test Charity\"}\"; layer = <CALayer: 0x600000f39fa0>>\n       |    |    |    |    |    |    |    |    |    | <RCTViewComponentView: 0x3265fefe0; frame = (0 0.333333; 370 48); ax.label = \"9 [ANALYTICS] Payment Failed Event: {\"timestamp\":\"2025-11-14T23:54:21.141Z\",\"error_type\":\"card_declined\",\"goal_id\":\"unknown\",\"goal_name\":\"Test Goal\",\"commitment_amount\":\"10\",\"charity_name\":\"Test Charity\"}\"; layer = <CALayer: 0x600000f39fc0>>\n       |    |    |    |    |    |    |    |    |    |    | <RCTViewComponentView: 0x328704920; frame = (338 14; 20 20); layer = <CALayer: 0x600000f3a140>>\n       |    |    |    |    |    |    |    |    |    |    |    | <RCTImageComponentView: 0x328704c00; frame = (6 6; 8 8); layer = <CALayer: 0x600000f0f5e0>>\n       |    |    |    |    |    |    |    |    |    |    |    |    | <RCTUIImageViewAnimated: 0x327083110; frame = (0 0; 8 8); layer = <CALayer: 0x600000f0f520>>\n       |    |    |    |    |    |    |    |    |    |    | <RCTParagraphComponentView: 0x328704360; frame = (51 13; 282 22); text = \"[ANALYTICS] Payment Failed Event: {\"timestamp\":\"2025-11-14T23:54:21.141Z\",\"error_type\":\"card_declined\",\"goal_id\":\"unknown\",\"goal_name\":\"Test Goal\",\"commitment_amount\":\"10\",\"charity_name\":\"Test Charity\"}\"; ax.label = \"[ANALYTICS] Payment Failed Event: {\"timestamp\":\"2025-11-14T23:54:21.141Z\",\"error_type\":\"card_declined\",\"goal_id\":\"unknown\",\"goal_name\":\"Test Goal\",\"commitment_amount\":\"10\",\"charity_name\":\"Test Charity\"}\"; layer = <CALayer: 0x600000f3a0c0>>\n       |    |    |    |    |    |    |    |    |    |    |    | <RCTParagraphTextView: 0x3287046a0; frame = (0 0; 282 22); layer = <CALayer: 0x600000f3a0e0>>\n       |    |    |    |    |    |    |    |    |    |    |    | <RCTAccessibilityElement: 0x600002af08a0; ax.frame = (0 0; 282 22); ax.label = \"[ANALYTICS] Payment Failed Event: {\"timestamp\":\"2025-11-14T23:54:21.141Z\",\"error_type\":\"card_declined\",\"goal_id\":\"unknown\",\"goal_name\":\"Test Goal\",\"commitment_amount\":\"10\",\"charity_name\":\"Test Charity\"}\">\n       |    |    |    |    |    |    |    |    |    |    | <RCTViewComponentView: 0x328704080; frame = (42 13; 291 22); layer = <CALayer: 0x600000f3a0a0>>\n       |    |    |    |    |    |    |    |    |    |    | <RCTParagraphComponentView: 0x3265ff880; frame = (18 15; 10 18); text = \"9\"; ax.label = \"9\"; layer = <CALayer: 0x600000f3a020>>\n       |    |    |    |    |    |    |    |    |    |    |    | <RCTParagraphTextView: 0x3265ffbc0; frame = (0 0; 10 18); layer = <CALayer: 0x600000f3a040>>\n       |    |    |    |    |    |    |    |    |    |    |    | <RCTAccessibilityElement: 0x600002af0600; ax.frame = (0 0; 10 18); ax.label = \"9\">\n       |    |    |    |    |    |    |    |    |    |    | <RCTViewComponentView: 0x3265ff5a0; frame = (14 15; 18 18); layer = <CALayer: 0x600000f3a000>>\n       |    |    |    |    |    |    |    |    |    |    | <RCTViewComponentView: 0x3265ff2c0; frame = (12 13; 22 22); layer = <CALayer: 0x600000f39fe0>>\n       |    |    |    |    |    |    |    | <RCTViewComponentView: 0x326a47c70; frame = (0 0; 370 48.6667); ax.label = \"! Open debugger to view warnings.\"; layer = <CALayer: 0x600000f4df20>>\n       |    |    |    |    |    |    |    |    | <RCTViewComponentView: 0x326a47f50; frame = (0 0.666667; 370 48); ax.label = \"! Open debugger to view warnings.\"; layer = <CALayer: 0x600000f4ee20>>\n       |    |    |    |    |    |    |    |    |    | <RCTViewComponentView: 0x326a483f0; frame = (0 0.333333; 370 48); ax.label = \"! Open debugger to view warnings.\"; layer = <CALayer: 0x600000f4e4e0>>\n       |    |    |    |    |    |    |    |    |    |    | <RCTViewComponentView: 0x326a49ef0; frame = (338 14; 20 20); layer = <CALayer: 0x600000f5f4e0>>\n       |    |    |    |    |    |    |    |    |    |    |    | <RCTImageComponentView: 0x326a4a1d0; frame = (6 6; 8 8); layer = <CALayer: 0x600000f5fba0>>\n       |    |    |    |    |    |    |    |    |    |    |    |    | <RCTUIImageViewAnimated: 0x326a4a6e0; frame = (0 0; 8 8); layer = <CALayer: 0x600000f5f880>>\n       |    |    |    |    |    |    |    |    |    |    | <RCTParagraphComponentView: 0x326a49930; frame = (51 13; 282 22); text = \"Open debugger to view warnings.\"; ax.label = \"Open debugger to view warnings.\"; layer = <CALayer: 0x600000f50380>>\n       |    |    |    |    |    |    |    |    |    |    |    | <RCTParagraphTextView: 0x326a49c70; frame = (0 0; 282 22); layer = <CALayer: 0x600000f5fca0>>\n       |    |    |    |    |    |    |    |    |    |    |    | <RCTAccessibilityElement: 0x600002a85f20; ax.frame = (0 0; 282 22); ax.label = \"Open debugger to view warnings.\">\n       |    |    |    |    |    |    |    |    |    |    | <RCTViewComponentView: 0x326a49650; frame = (42 13; 291 22); layer = <CALayer: 0x600000f51cc0>>\n       |    |    |    |    |    |    |    |    |    |    | <RCTParagraphComponentView: 0x326a48c90; frame = (18 15; 10 18); text = \"!\"; ax.label = \"!\"; layer = <CALayer: 0x600000f4ba00>>\n       |    |    |    |    |    |    |    |    |    |    |    | <RCTParagraphTextView: 0x326a491d0; frame = (0 0; 10 18); layer = <CALayer: 0x600000f49920>>\n       |    |    |    |    |    |    |    |    |    |    |    | <RCTAccessibilityElement: 0x600002a85e60; ax.frame = (0 0; 10 18); ax.label = \"!\">\n       |    |    |    |    |    |    |    |    |    |    | <RCTViewComponentView: 0x326a489b0; frame = (14 15; 18 18); layer = <CALayer: 0x600000f4f280>>\n       |    |    |    |    |    |    |    |    |    |    | <RCTViewComponentView: 0x326a486d0; frame = (12 13; 22 22); layer = <CALayer: 0x600000f4ee40>>\n       |    |    |    |    |    |    | <RCTViewComponentView: 0x326a46010; frame = (0 0; 390 844); layer = <CALayer: 0x600000f4ea80>>\n       |    |    |    |    |    |    |    | <RCTDebuggingOverlayComponentView: 0x326a46670; frame = (0 0; 390 844); layer = <CALayer: 0x600000f4e7a0>>\n       |    |    |    |    |    |    |    |    | <RCTDebuggingOverlay: 0x326a46960; frame = (0 0; 390 844); layer = <CALayer: 0x600000f4ec20>>\n       |    |    |    |    |    |    | <RNCSafeAreaProviderComponentView: 0x326a45890; frame = (0 0; 390 844); ax.label = \"  Payment couldn't be processed Your card was declined. Please try a different payment method. Goal Summary  Test Goal  Commitment: $10  Charity: Test Charity Your goal hasn't been created yet. You can try again or use a different payment method. No charges have been made. Try Again Use Different Card Need Help? Cancel Goal Horizontal scroll bar, 1 page Toolbar\"; layer = <CALayer: 0x600000f4c920>>\n       |    |    |    |    |    |    |    | <RNSScreenStackView: 0x327218280; frame = (0 0; 390 844); ax.label = \"  Payment couldn't be processed Your card was declined. Please try a different payment method. Goal Summary  Test Goal  Commitment: $10  Charity: Test Charity Your goal hasn't been created yet. You can try again or use a different payment method. No charges have been made. Try Again Use Different Card Need Help? Cancel Goal Horizontal scroll bar, 1 page Toolbar\"; layer = <CALayer: 0x600000f60a60>>\n       |    |    |    |    |    |    |    |    | <UILayoutContainerView: 0x318524f50; frame = (0 0; 390 844); layer = <CALayer: 0x600000ff99a0>>\n       |    |    |    |    |    |    |    |    |    | <UIToolbar: 0x32716e4a0; frame = (0 844; 390 49); ax.id = \"Toolbar\"; ax.label = \"Toolbar\"; layer = <CALayer: 0x600000f01160>>\n       |    |    |    |    |    |    |    |    |    |    | <_UIBarBackground: 0x319604550; frame = (0 0; 390 83); layer = <CALayer: 0x600000edea40>>\n       |    |    |    |    |    |    |    |    |    |    |    | <_UIBarBackgroundShadowView: 0x319604f10; frame = (0 -0.333333; 390 0.333333); layer = <CALayer: 0x600000ede6a0>>\n       |    |    |    |    |    |    |    |    |    |    |    |    | <_UIBarBackgroundShadowContentImageView: 0x319605c20; frame = (0 0; 390 0.333333); layer = <CALayer: 0x600000edfea0>>\n       |    |    |    |    |    |    |    |    |    |    |    | <UIVisualEffectView: 0x3196049c0; frame = (0 0; 390 83); layer = <CALayer: 0x600000ede780>>\n       |    |    |    |    |    |    |    |    |    |    |    |    | <_UIVisualEffectBackdropView: 0x319605650; frame = (0 0; 390 83); layer = <UICABackdropLayer: 0x6000000f0510>>\n       |    |    |    |    |    |    |    |    |    | <UINavigationTransitionView: 0x3186fbe90; frame = (0 0; 390 844); layer = <CALayer: 0x600000e37be0>>\n       |    |    |    |    |    |    |    |    |    |    | <UIViewControllerWrapperView: 0x326571030; frame = (0 0; 390 844); layer = <CALayer: 0x6000008c9e20>>\n       |    |    |    |    |    |    |    |    |    |    |    | <RNSScreenView: 0x32c1ae600; frame = (0 0; 390 844); ax.label = \"  Payment couldn't be processed Your card was declined. Please try a different payment method. Goal Summary  Test Goal  Commitment: $10  Charity: Test Charity Your goal hasn't been created yet. You can try again or use a different payment method. No charges have been made. Try Again Use Different Card Need Help? Cancel Goal Horizontal scroll bar, 1 page\"; layer = <CALayer: 0x600000f24860>>\n       |    |    |    |    |    |    |    |    |    |    |    |    | <RNSScreenStackHeaderConfig: 0x32c12fa00; frame = (0 0; 390 0); layer = <CALayer: 0x600000f24900>>\n       |    |    |    |    |    |    |    |    |    |    |    |    | <RNSScreenContentWrapper: 0x32726f4c0; frame = (0 0; 390 844); ax.label = \"  Payment couldn't be processed Your card was declined. Please try a different payment method. Goal Summary  Test Goal  Commitment: $10  Charity: Test Charity Your goal hasn't been created yet. You can try again or use a different payment method. No charges have been made. Try Again Use Different Card Need Help? Cancel Goal Horizontal scroll bar, 1 page\"; layer = <CALayer: 0x600000f248e0>>\n       |    |    |    |    |    |    |    |    |    |    |    |    |    | <RNSScreenStackView: 0x3272508b0; frame = (0 0; 390 844); ax.label = \"  Payment couldn't be processed Your card was declined. Please try a different payment method. Goal Summary  Test Goal  Commitment: $10  Charity: Test Charity Your goal hasn't been created yet. You can try again or use a different payment method. No charges have been made. Try Again Use Different Card Need Help? Cancel Goal Horizontal scroll bar, 1 page\"; layer = <CALayer: 0x600000f246a0>>\n       |    |    |    |    |    |    |    |    |    |    |    |    |    |    | <UILayoutContainerView: 0x3270c6c60; frame = (0 0; 390 844); layer = <CALayer: 0x6000008d9580>>\n       |    |    |    |    |    |    |    |    |    |    |    |    |    |    |    | <UINavigationTransitionView: 0x3270c8dc0; frame = (0 0; 390 844); layer = <CALayer: 0x6000008d99c0>>\n       |    |    |    |    |    |    |    |    |    |    |    |    |    |    |    |    | <UIViewControllerWrapperView: 0x327192d50; frame = (0 0; 390 844); layer = <CALayer: 0x600000f20b60>>\n       |    |    |    |    |    |    |    |    |    |    |    |    |    |    |    |    |    | <RNSScreenView: 0x32c1b6200; frame = (0 0; 390 844); ax.label = \"  Payment couldn't be processed Your card was declined. Please try a different payment method. Goal Summary  Test Goal  Commitment: $10  Charity: Test Charity Your goal hasn't been created yet. You can try again or use a different payment method. No charges have been made. Try Again Use Different Card Need Help? Cancel Goal Horizontal scroll bar, 1 page\"; layer = <CALayer: 0x600000f24fc0>>\n       |    |    |    |    |    |    |    |    |    |    |    |    |    |    |    |    |    |    | <RNSScreenStackHeaderConfig: 0x32c13d600; frame = (0 0; 390 0); layer = <CALayer: 0x600000f25060>>\n       |    |    |    |    |    |    |    |    |    |    |    |    |    |    |    |    |    |    | <RNSScreenContentWrapper: 0x327287fa0; frame = (0 0; 390 844); ax.label = \"  Payment couldn't be processed Your card was declined. Please try a different payment method. Goal Summary  Test Goal  Commitment: $10  Charity: Test Charity Your goal hasn't been created yet. You can try again or use a different payment method. No charges have been made. Try Again Use Different Card Need Help? Cancel Goal Horizontal scroll bar, 1 page\"; layer = <CALayer: 0x600000f25080>>\n       |    |    |    |    |    |    |    |    |    |    |    |    |    |    |    |    |    |    |    | <RCTScrollViewComponentView: 0x327288570; frame = (0 0; 390 844); ax.id = \"payment-failed-scrollview\"; ax.label = \"  Payment couldn't be processed Your card was declined. Please try a different payment method. Goal Summary  Test Goal  Commitment: $10  Charity: Test Charity Your goal hasn't been created yet. You can try again or use a different payment method. No charges have been made. Try Again Use Different Card Need Help? Cancel Goal Horizontal scroll bar, 1 page\"; layer = <CALayer: 0x600000f24b60>>\n       |    |    |    |    |    |    |    |    |    |    |    |    |    |    |    |    |    |    |    |    | <RCTEnhancedScrollView: 0x32c1b6e00; frame = (0 0; 390 844); layer = <CALayer: 0x600000f24a00>>\n       |    |    |    |    |    |    |    |    |    |    |    |    |    |    |    |    |    |    |    |    |    | <_UIScrollViewScrollIndicator: 0x3270ce1e0; frame = (44.3333 838; 301 3); ax.label = \"Horizontal scroll bar, 1 page\"; ax.value = \"0%\"; layer = <CALayer: 0x6000008d80c0>>\n       |    |    |    |    |    |    |    |    |    |    |    |    |    |    |    |    |    |    |    |    |    |    | <UIView: 0x3270ce3b0; frame = (0 0; 301 3); layer = <CALayer: 0x6000008da9c0>>\n       |    |    |    |    |    |    |    |    |    |    |    |    |    |    |    |    |    |    |    |    |    | <UIView: 0x327289fa0; frame = (0 0; 390 914); layer = <CALayer: 0x600000f25fa0>>\n       |    |    |    |    |    |    |    |    |    |    |    |    |    |    |    |    |    |    |    |    |    |    | <RCTViewComponentView: 0x32728a140; frame = (0 0; 390 914); ax.label = \"  Payment couldn't be processed Your card was declined. Please try a different payment method. Goal Summary  Test Goal  Commitment: $10  Charity: Test Charity Your goal hasn't been created yet. You can try again or use a different payment method. No charges have been made. Try Again Use Different Card Need Help? Cancel Goal\"; layer = <CALayer: 0x600000f25fe0>>\n       |    |    |    |    |    |    |    |    |    |    |    |    |    |    |    |    |    |    |    |    |    |    |    | <RCTViewComponentView: 0x32728b560; frame = (16 638; 358 244); ax.label = \"Try Again Use Different Card Need Help? Cancel Goal\"; layer = <CALayer: 0x600000f260c0>>\n       |    |    |    |    |    |    |    |    |    |    |    |    |    |    |    |    |    |    |    |    |    |    |    |    | <RCTViewComponentView: 0x3271b1110; frame = (0 200; 358 44); ax.id = \"payment-failed-cancel-link\"; ax.label = \"Cancel Goal\"; layer = <CALayer: 0x600000f22760>>\n       |    |    |    |    |    |    |    |    |    |    |    |    |    |    |    |    |    |    |    |    |    |    |    |    |    | <RCTParagraphComponentView: 0x3271b28c0; frame = (140 13.3333; 77.6667 17); text = \"Cancel Goal\"; ax.label = \"Cancel Goal\"; layer = <CALayer: 0x600000f22ba0>>\n       |    |    |    |    |    |    |    |    |    |    |    |    |    |    |    |    |    |    |    |    |    |    |    |    |    |    | <RCTParagraphTextView: 0x3271b2c00; frame = (0 0; 77.6667 17); layer = <CALayer: 0x600000f20400>>\n       |    |    |    |    |    |    |    |    |    |    |    |    |    |    |    |    |    |    |    |    |    |    |    |    |    |    | <RCTAccessibilityElement: 0x600002af8180; ax.frame = (0 0; 77.6667 17); ax.label = \"Cancel Goal\">\n       |    |    |    |    |    |    |    |    |    |    |    |    |    |    |    |    |    |    |    |    |    |    |    |    | <RCTViewComponentView: 0x3271b0e30; frame = (0 136; 358 44); ax.id = \"payment-failed-help-link\"; ax.label = \"Need Help?\"; layer = <CALayer: 0x600000f22820>>\n       |    |    |    |    |    |    |    |    |    |    |    |    |    |    |    |    |    |    |    |    |    |    |    |    |    | <RCTParagraphComponentView: 0x3271b21d0; frame = (135.667 12.3333; 86.3333 19.3334); text = \"Need Help?\"; ax.label = \"Need Help?\"; layer = <CALayer: 0x600000f21aa0>>\n       |    |    |    |    |    |    |    |    |    |    |    |    |    |    |    |    |    |    |    |    |    |    |    |    |    |    | <RCTParagraphTextView: 0x3271b2510; frame = (0 0; 86.3333 19.3334); layer = <CALayer: 0x600000f22940>>\n       |    |    |    |    |    |    |    |    |    |    |    |    |    |    |    |    |    |    |    |    |    |    |    |    |    |    | <RCTAccessibilityElement: 0x600002af8360; ax.frame = (0 0; 86.3333 19.3334); ax.label = \"Need Help?\">\n       |    |    |    |    |    |    |    |    |    |    |    |    |    |    |    |    |    |    |    |    |    |    |    |    | <RCTViewComponentView: 0x3271b0b50; frame = (0 68; 358 48); ax.id = \"payment-failed-different-card-button\"; ax.label = \"Use Different Card\"; layer = <CALayer: 0x600000f20840>>\n       |    |    |    |    |    |    |    |    |    |    |    |    |    |    |    |    |    |    |    |    |    |    |    |    |    | <RCTParagraphComponentView: 0x3271b1ae0; frame = (108.667 14.3333; 140.667 19.3334); text = \"Use Different Card\"; ax.label = \"Use Different Card\"; layer = <CALayer: 0x600000f220c0>>\n       |    |    |    |    |    |    |    |    |    |    |    |    |    |    |    |    |    |    |    |    |    |    |    |    |    |    | <RCTParagraphTextView: 0x3271b1e20; frame = (0 0; 140.667 19.3334); layer = <CALayer: 0x600000f22aa0>>\n       |    |    |    |    |    |    |    |    |    |    |    |    |    |    |    |    |    |    |    |    |    |    |    |    |    |    | <RCTAccessibilityElement: 0x600002af83c0; ax.frame = (0 0; 140.667 19.3334); ax.label = \"Use Different Card\">\n       |    |    |    |    |    |    |    |    |    |    |    |    |    |    |    |    |    |    |    |    |    |    |    |    | <RCTViewComponentView: 0x3271b0870; frame = (0 0; 358 56); ax.id = \"payment-failed-try-again-button\"; ax.label = \"Try Again\"; layer = <CALayer: 0x600000f20fe0>>\n       |    |    |    |    |    |    |    |    |    |    |    |    |    |    |    |    |    |    |    |    |    |    |    |    |    | <RCTParagraphComponentView: 0x3271b13f0; frame = (138.333 17; 81.3333 21.6667); text = \"Try Again\"; ax.label = \"Try Again\"; layer = <CALayer: 0x600000f22b60>>\n       |    |    |    |    |    |    |    |    |    |    |    |    |    |    |    |    |    |    |    |    |    |    |    |    |    |    | <RCTParagraphTextView: 0x3271b1730; frame = (0 0; 81.3333 21.6667); layer = <CALayer: 0x600000f22480>>\n       |    |    |    |    |    |    |    |    |    |    |    |    |    |    |    |    |    |    |    |    |    |    |    |    |    |    | <RCTAccessibilityElement: 0x600002af8240; ax.frame = (0 0; 81.3333 21.6667); ax.label = \"Try Again\">\n       |    |    |    |    |    |    |    |    |    |    |    |    |    |    |    |    |    |    |    |    |    |    |    | <RCTViewComponentView: 0x32728b280; frame = (16 538; 358 68); ax.label = \"Your goal hasn't been created yet. You can try again or use a different payment method. No charges have been made.\"; layer = <CALayer: 0x600000f260a0>>\n       |    |    |    |    |    |    |    |    |    |    |    |    |    |    |    |    |    |    |    |    |    |    |    |    | <RCTParagraphComponentView: 0x3271b0180; frame = (16 48; 326 20); text = \"No charges have been made.\"; ax.label = \"No charges have been made.\"; layer = <CALayer: 0x600000f20100>>\n       |    |    |    |    |    |    |    |    |    |    |    |    |    |    |    |    |    |    |    |    |    |    |    |    |    | <RCTParagraphTextView: 0x3271b04c0; frame = (0 0; 326 20); layer = <CALayer: 0x600000f200e0>>\n       |    |    |    |    |    |    |    |    |    |    |    |    |    |    |    |    |    |    |    |    |    |    |    |    |    | <RCTAccessibilityElement: 0x600002af8480; ax.frame = (0 0; 326 20); ax.label = \"No charges have been made.\">\n       |    |    |    |    |    |    |    |    |    |    |    |    |    |    |    |    |    |    |    |    |    |    |    |    | <RCTParagraphComponentView: 0x3271afa90; frame = (16 0; 326 40); text = \"Your goal hasn't been created yet. You can try again or use a different payment method.\"; ax.label = \"Your goal hasn't been created yet. You can try again or use a different payment method.\"; layer = <CALayer: 0x600000f20120>>\n       |    |    |    |    |    |    |    |    |    |    |    |    |    |    |    |    |    |    |    |    |    |    |    |    |    | <RCTParagraphTextView: 0x3271afdd0; frame = (0 0; 326 40); layer = <CALayer: 0x600000f200a0>>\n       |    |    |    |    |    |    |    |    |    |    |    |    |    |    |    |    |    |    |    |    |    |    |    |    |    | <RCTAccessibilityElement: 0x600002af85a0; ax.frame = (0 0; 326 40); ax.label = \"Your goal hasn't been created yet. You can try again or use a different payment method.\">\n       |    |    |    |    |    |    |    |    |    |    |    |    |    |    |    |    |    |    |    |    |    |    |    | <RCTViewComponentView: 0x32728afa0; frame = (16 364; 358 150); ax.id = \"payment-failed-goal-summary\"; ax.label = \"Goal Summary  Test Goal  Commitment: $10  Charity: Test Charity\"; layer = <CALayer: 0x600000f26080>>\n       |    |    |    |    |    |    |    |    |    |    |    |    |    |    |    |    |    |    |    |    |    |    |    |    | <RCTParagraphComponentView: 0x327df4810; frame = (45 105; 296 20); text = \"Charity: Test Charity\"; ax.label = \"Charity: Test Charity\"; layer = <CALayer: 0x600000f2c2a0>>\n       |    |    |    |    |    |    |    |    |    |    |    |    |    |    |    |    |    |    |    |    |    |    |    |    |    | <RCTParagraphTextView: 0x327df4b50; frame = (0 0; 296 20); layer = <CALayer: 0x600000f2cd60>>\n       |    |    |    |    |    |    |    |    |    |    |    |    |    |    |    |    |    |    |    |    |    |    |    |    |    | <RCTAccessibilityElement: 0x600002af4180; ax.frame = (0 0; 296 20); ax.label = \"Charity: Test Charity\">\n       |    |    |    |    |    |    |    |    |    |    |    |    |    |    |    |    |    |    |    |    |    |    |    |    | <RCTParagraphComponentView: 0x327df4250; frame = (17 105; 20 20); text = \"\"; ax.label = \"\"; layer = <CALayer: 0x600000f2cb00>>\n       |    |    |    |    |    |    |    |    |    |    |    |    |    |    |    |    |    |    |    |    |    |    |    |    |    | <RCTParagraphTextView: 0x327df4590; frame = (0 0; 20 20); layer = <CALayer: 0x600000f2cca0>>\n       |    |    |    |    |    |    |    |    |    |    |    |    |    |    |    |    |    |    |    |    |    |    |    |    |    | <RCTAccessibilityElement: 0x600002a8ff60; ax.frame = (0 0; 20 20); ax.label = \"\">\n       |    |    |    |    |    |    |    |    |    |    |    |    |    |    |    |    |    |    |    |    |    |    |    |    | <RCTParagraphComponentView: 0x327df3c90; frame = (45 77; 296 20); text = \"Commitment: $10\"; ax.label = \"Commitment: $10\"; layer = <CALayer: 0x600000f2cc60>>\n       |    |    |    |    |    |    |    |    |    |    |    |    |    |    |    |    |    |    |    |    |    |    |    |    |    | <RCTParagraphTextView: 0x327df3fd0; frame = (0 0; 296 20); layer = <CALayer: 0x600000f2c140>>\n       |    |    |    |    |    |    |    |    |    |    |    |    |    |    |    |    |    |    |    |    |    |    |    |    |    | <RCTAccessibilityElement: 0x600002afc420; ax.frame = (0 0; 296 20); ax.label = \"Commitment: $10\">\n       |    |    |    |    |    |    |    |    |    |    |    |    |    |    |    |    |    |    |    |    |    |    |    |    | <RCTParagraphComponentView: 0x327df36d0; frame = (17 77; 20 20); text = \"\"; ax.label = \"\"; layer = <CALayer: 0x600000f2cba0>>\n       |    |    |    |    |    |    |    |    |    |    |    |    |    |    |    |    |    |    |    |    |    |    |    |    |    | <RCTParagraphTextView: 0x327df3a10; frame = (0 0; 20 20); layer = <CALayer: 0x600000f2c500>>\n       |    |    |    |    |    |    |    |    |    |    |    |    |    |    |    |    |    |    |    |    |    |    |    |    |    | <RCTAccessibilityElement: 0x600002a8e040; ax.frame = (0 0; 20 20); ax.label = \"\">\n       |    |    |    |    |    |    |    |    |    |    |    |    |    |    |    |    |    |    |    |    |    |    |    |    | <RCTParagraphComponentView: 0x32728e990; frame = (45 49; 296 20); text = \"Test Goal\"; ax.label = \"Test Goal\"; layer = <CALayer: 0x600000f264c0>>\n       |    |    |    |    |    |    |    |    |    |    |    |    |    |    |    |    |    |    |    |    |    |    |    |    |    | <RCTParagraphTextView: 0x327df2f80; frame = (0 0; 296 20); layer = <CALayer: 0x600000f2cc80>>\n       |    |    |    |    |    |    |    |    |    |    |    |    |    |    |    |    |    |    |    |    |    |    |    |    |    | <RCTAccessibilityElement: 0x600002afc6c0; ax.frame = (0 0; 296 20); ax.label = \"Test Goal\">\n       |    |    |    |    |    |    |    |    |    |    |    |    |    |    |    |    |    |    |    |    |    |    |    |    | <RCTParagraphComponentView: 0x32728e2a0; frame = (17 49; 20 20); text = \"\"; ax.label = \"\"; layer = <CALayer: 0x600000f26440>>\n       |    |    |    |    |    |    |    |    |    |    |    |    |    |    |    |    |    |    |    |    |    |    |    |    |    | <RCTParagraphTextView: 0x32728e5e0; frame = (0 0; 20 20); layer = <CALayer: 0x600000f26460>>\n       |    |    |    |    |    |    |    |    |    |    |    |    |    |    |    |    |    |    |    |    |    |    |    |    |    | <RCTAccessibilityElement: 0x600002a8e5e0; ax.frame = (0 0; 20 20); ax.label = \"\">\n       |    |    |    |    |    |    |    |    |    |    |    |    |    |    |    |    |    |    |    |    |    |    |    |    | <RCTParagraphComponentView: 0x32728dbb0; frame = (17 17; 324 20); text = \"Goal Summary\"; ax.label = \"Goal Summary\"; layer = <CALayer: 0x600000f263c0>>\n       |    |    |    |    |    |    |    |    |    |    |    |    |    |    |    |    |    |    |    |    |    |    |    |    |    | <RCTParagraphTextView: 0x32728def0; frame = (0 0; 324 20); layer = <CALayer: 0x600000f263e0>>\n       |    |    |    |    |    |    |    |    |    |    |    |    |    |    |    |    |    |    |    |    |    |    |    |    |    | <RCTAccessibilityElement: 0x600002a8edc0; ax.frame = (0 0; 324 20); ax.label = \"Goal Summary\">\n       |    |    |    |    |    |    |    |    |    |    |    |    |    |    |    |    |    |    |    |    |    |    |    | <RCTViewComponentView: 0x32728acc0; frame = (16 292; 358 48); ax.id = \"payment-failed-error-message\"; ax.label = \"Your card was declined. Please try a different payment method.\"; layer = <CALayer: 0x600000f26060>>\n       |    |    |    |    |    |    |    |    |    |    |    |    |    |    |    |    |    |    |    |    |    |    |    |    | <RCTParagraphComponentView: 0x32728d4c0; frame = (16 0; 326 48); text = \"Your card was declined. Please try a different payment method.\"; ax.label = \"Your card was declined. Please try a different payment method.\"; layer = <CALayer: 0x600000f26320>>\n       |    |    |    |    |    |    |    |    |    |    |    |    |    |    |    |    |    |    |    |    |    |    |    |    |    | <RCTParagraphTextView: 0x32728d800; frame = (0 0; 326 48); layer = <CALayer: 0x600000f26340>>\n       |    |    |    |    |    |    |    |    |    |    |    |    |    |    |    |    |    |    |    |    |    |    |    |    |    | <RCTAccessibilityElement: 0x600002afc480; ax.frame = (0 0; 326 48); ax.label = \"Your card was declined. Please try a different payment method.\">\n       |    |    |    |    |    |    |    |    |    |    |    |    |    |    |    |    |    |    |    |    |    |    |    | <RCTViewComponentView: 0x32728a9e0; frame = (16 244; 358 32); ax.label = \"Payment couldn't be processed\"; layer = <CALayer: 0x600000f26040>>\n       |    |    |    |    |    |    |    |    |    |    |    |    |    |    |    |    |    |    |    |    |    |    |    |    | <RCTParagraphComponentView: 0x32728cdd0; frame = (0 0; 358 32); text = \"Payment couldn't be processed\"; ax.label = \"Payment couldn't be processed\"; layer = <CALayer: 0x600000f26280>>\n       |    |    |    |    |    |    |    |    |    |    |    |    |    |    |    |    |    |    |    |    |    |    |    |    |    | <RCTParagraphTextView: 0x32728d110; frame = (0 0; 358 32); layer = <CALayer: 0x600000f262a0>>\n       |    |    |    |    |    |    |    |    |    |    |    |    |    |    |    |    |    |    |    |    |    |    |    |    |    | <RCTAccessibilityElement: 0x600002a8f9c0; ax.frame = (0 0; 358 32); ax.label = \"Payment couldn't be processed\">\n       |    |    |    |    |    |    |    |    |    |    |    |    |    |    |    |    |    |    |    |    |    |    |    | <RCTViewComponentView: 0x32728a700; frame = (16 124; 358 96); ax.label = \"\"; layer = <CALayer: 0x600000f26020>>\n       |    |    |    |    |    |    |    |    |    |    |    |    |    |    |    |    |    |    |    |    |    |    |    |    | <RCTParagraphComponentView: 0x32728c810; frame = (147 16; 64 64); text = \"\"; ax.label = \"\"; layer = <CALayer: 0x600000f261e0>>\n       |    |    |    |    |    |    |    |    |    |    |    |    |    |    |    |    |    |    |    |    |    |    |    |    |    | <RCTParagraphTextView: 0x32728cb50; frame = (0 0; 64 64); layer = <CALayer: 0x600000f26200>>\n       |    |    |    |    |    |    |    |    |    |    |    |    |    |    |    |    |    |    |    |    |    |    |    |    |    | <RCTAccessibilityElement: 0x600002a8d8c0; ax.frame = (0 0; 64 64); ax.label = \"\">\n       |    |    |    |    |    |    |    |    |    |    |    |    |    |    |    |    |    |    |    |    |    |    |    |    | <RCTViewComponentView: 0x32728c530; frame = (131 0; 96 96); layer = <CALayer: 0x600000f261c0>>\n       |    |    |    |    |    |    |    |    |    |    |    |    |    |    |    |    |    |    |    |    |    |    |    | <RCTViewComponentView: 0x32728a420; frame = (16 60; 358 44); ax.label = \"\"; layer = <CALayer: 0x600000f26000>>\n       |    |    |    |    |    |    |    |    |    |    |    |    |    |    |    |    |    |    |    |    |    |    |    |    | <RCTViewComponentView: 0x32728b840; frame = (0 0; 44 44); ax.id = \"payment-failed-back-button\"; ax.label = \"\"; layer = <CALayer: 0x600000f260e0>>\n       |    |    |    |    |    |    |    |    |    |    |    |    |    |    |    |    |    |    |    |    |    |    |    |    |    | <RCTParagraphComponentView: 0x32728bb20; frame = (10 10; 24 24); text = \"\"; ax.label = \"\"; layer = <CALayer: 0x600000f26100>>\n       |    |    |    |    |    |    |    |    |    |    |    |    |    |    |    |    |    |    |    |    |    |    |    |    |    |    | <RCTParagraphTextView: 0x32728be60; frame = (0 0; 24 24); layer = <CALayer: 0x600000f26120>>\n       |    |    |    |    |    |    |    |    |    |    |    |    |    |    |    |    |    |    |    |    |    |    |    |    |    |    | <RCTAccessibilityElement: 0x600002a8e0a0; ax.frame = (0 0; 24 24); ax.label = \"\">\n       |    |    |    |    |    |    |    |    |    |    |    |    |    |    |    |    |    |    |    | <RCTViewComponentView: 0x327288290; frame = (0 0; 390 844); ax.id = \"payment-failed-screen\"; layer = <CALayer: 0x600000f24a80>>\n       |    |    |    |    |    |    |    | <RCTViewComponentView: 0x318175820; frame = (0 0; 390 844); ax.id = \"app-root\"; layer = <CALayer: 0x600000f60200>>\n\n    \u001b[0m \u001b[90m 166 |\u001b[39m     \u001b[36mawait\u001b[39m waitFor(element(by\u001b[33m.\u001b[39mid(\u001b[32m'payment-failed-different-card-button'\u001b[39m)))\n     \u001b[90m 167 |\u001b[39m       \u001b[33m.\u001b[39mtoBeVisible()\n    \u001b[31m\u001b[1m>\u001b[22m\u001b[39m\u001b[90m 168 |\u001b[39m       \u001b[33m.\u001b[39mwithTimeout(\u001b[35m2000\u001b[39m)\u001b[33m;\u001b[39m\n     \u001b[90m     |\u001b[39m        \u001b[31m\u001b[1m^\u001b[22m\u001b[39m\n     \u001b[90m 169 |\u001b[39m\n     \u001b[90m 170 |\u001b[39m     \u001b[36mawait\u001b[39m element(by\u001b[33m.\u001b[39mid(\u001b[32m'payment-failed-different-card-button'\u001b[39m))\u001b[33m.\u001b[39mtap()\u001b[33m;\u001b[39m\n     \u001b[90m 171 |\u001b[39m\u001b[0m\n\n      at Object.withTimeout (mobile-e2e/screen-167-payment-screen.test.js:168:8)\n      at asyncGeneratorStep (node_modules/@babel/runtime/helpers/asyncToGenerator.js:3:17)\n      at _next (node_modules/@babel/runtime/helpers/asyncToGenerator.js:17:9)\n","name":"/Users/omertzadiki/Desktop/dev/tzrif86/products/MicroCommit/mobile-e2e/screen-167-payment-screen.test.js","startTime":1763164426300,"status":"failed","summary":""},{"assertionResults":[{"ancestorTitles":["Payment Failure & Retry Flow - Complete flow from app launch through payment failure and retry"],"duration":13651,"failureDetails":[{"name":"DetoxRuntimeError"}],"failureMessages":["Test Failed: Timed out while waiting for expectation: TOBEVISIBLE WITH MATCHER(id == “payment-failed-different-card-button”) TIMEOUT(2s)\n\nView Hierarchy:\n<UIWindowScene: 0x318f0cc20; scene = <FBSScene: 0x6000011806e0; identifier: sceneID:com.tzrif86.microcommit-default>; persistentIdentifier = 92F315E7-6537-40E4-B4CA-6A235E73C7EB; activationState = UISceneActivationStateForegroundActive>\n   + <UIWindow: 0x318e0aea0; frame = (0 0; 390 844); layer = <UIWindowLayer: 0x600002ef42d0>>\n   |    | <UITransitionView: 0x318f0ff80; frame = (0 0; 390 844); layer = <CALayer: 0x6000020f5460>>\n   |    |    | <UIDropShadowView: 0x3185167f0; frame = (0 0; 390 844); layer = <CALayer: 0x6000020bfea0>>\n   |    |    |    | <RCTSurfaceHostingProxyRootView: 0x318e0dea0; frame = (0 0; 390 844); layer = <CALayer: 0x6000020f80c0>>\n   |    |    |    |    | <RCTSurfaceView: 0x3268e3d30; frame = (0 0; 390 844); layer = <CALayer: 0x6000021bc9a0>>\n   |    |    |    |    |    | <RCTRootComponentView: 0x318c88790; frame = (0 0; 390 844); ax.label = \"  Payment couldn't be processed Your card was declined. Please try a different payment method. Goal Summary  Fitness Goal  Commitment: $50  Charity: UNICEF Your goal hasn't been created yet. You can try again or use a different payment method. No charges have been made. Try Again Use Different Card Need Help? Cancel Goal Horizontal scroll bar, 1 page Toolbar ! Open debugger to view warnings. 4 [ANALYTICS] Payment Failed Event: {\"timestamp\":\"2025-11-14T23:54:55.212Z\",\"error_type\":\"card_declined\",\"goal_id\":\"test-goal-456\",\"goal_name\":\"Fitness Goal\",\"commitment_amount\":\"50\",\"charity_name\":\"UNICEF\"}\"; layer = <CALayer: 0x600002199440>>\n   |    |    |    |    |    |    | <RCTSafeAreaViewComponentView: 0x328657c10; frame = (10 703; 370 121); ax.label = \"! Open debugger to view warnings. 4 [ANALYTICS] Payment Failed Event: {\"timestamp\":\"2025-11-14T23:54:55.212Z\",\"error_type\":\"card_declined\",\"goal_id\":\"test-goal-456\",\"goal_name\":\"Fitness Goal\",\"commitment_amount\":\"50\",\"charity_name\":\"UNICEF\"}\"; layer = <CALayer: 0x6000021c1e80>>\n   |    |    |    |    |    |    |    | <RCTViewComponentView: 0x325899d20; frame = (0 53.6667; 370 48.3333); ax.label = \"4 [ANALYTICS] Payment Failed Event: {\"timestamp\":\"2025-11-14T23:54:55.212Z\",\"error_type\":\"card_declined\",\"goal_id\":\"test-goal-456\",\"goal_name\":\"Fitness Goal\",\"commitment_amount\":\"50\",\"charity_name\":\"UNICEF\"}\"; layer = <CALayer: 0x600002108240>>\n   |    |    |    |    |    |    |    |    | <RCTViewComponentView: 0x3258984d0; frame = (0 0.666667; 370 48); ax.label = \"4 [ANALYTICS] Payment Failed Event: {\"timestamp\":\"2025-11-14T23:54:55.212Z\",\"error_type\":\"card_declined\",\"goal_id\":\"test-goal-456\",\"goal_name\":\"Fitness Goal\",\"commitment_amount\":\"50\",\"charity_name\":\"UNICEF\"}\"; layer = <CALayer: 0x600002108220>>\n   |    |    |    |    |    |    |    |    |    | <RCTViewComponentView: 0x3258987b0; frame = (0 0.333333; 370 48); ax.label = \"4 [ANALYTICS] Payment Failed Event: {\"timestamp\":\"2025-11-14T23:54:55.212Z\",\"error_type\":\"card_declined\",\"goal_id\":\"test-goal-456\",\"goal_name\":\"Fitness Goal\",\"commitment_amount\":\"50\",\"charity_name\":\"UNICEF\"}\"; layer = <CALayer: 0x600002108200>>\n   |    |    |    |    |    |    |    |    |    |    | <RCTViewComponentView: 0x3258a3e70; frame = (338 14; 20 20); layer = <CALayer: 0x600002109920>>\n   |    |    |    |    |    |    |    |    |    |    |    | <RCTImageComponentView: 0x3258a4150; frame = (6 6; 8 8); layer = <CALayer: 0x600002109380>>\n   |    |    |    |    |    |    |    |    |    |    |    |    | <RCTUIImageViewAnimated: 0x3258a4460; frame = (0 0; 8 8); layer = <CALayer: 0x600002109ae0>>\n   |    |    |    |    |    |    |    |    |    |    | <RCTParagraphComponentView: 0x3258a38b0; frame = (51 13; 282 22); text = \"[ANALYTICS] Payment Failed Event: {\"timestamp\":\"2025-11-14T23:54:55.212Z\",\"error_type\":\"card_declined\",\"goal_id\":\"test-goal-456\",\"goal_name\":\"Fitness Goal\",\"commitment_amount\":\"50\",\"charity_name\":\"UNICEF\"}\"; ax.label = \"[ANALYTICS] Payment Failed Event: {\"timestamp\":\"2025-11-14T23:54:55.212Z\",\"error_type\":\"card_declined\",\"goal_id\":\"test-goal-456\",\"goal_name\":\"Fitness Goal\",\"commitment_amount\":\"50\",\"charity_name\":\"UNICEF\"}\"; layer = <CALayer: 0x600002108020>>\n   |    |    |    |    |    |    |    |    |    |    |    | <RCTParagraphTextView: 0x3258a3bf0; frame = (0 0; 282 22); layer = <CALayer: 0x600002108000>>\n   |    |    |    |    |    |    |    |    |    |    |    | <RCTAccessibilityElement: 0x6000004b0420; ax.frame = (0 0; 282 22); ax.label = \"[ANALYTICS] Payment Failed Event: {\"timestamp\":\"2025-11-14T23:54:55.212Z\",\"error_type\":\"card_declined\",\"goal_id\":\"test-goal-456\",\"goal_name\":\"Fitness Goal\",\"commitment_amount\":\"50\",\"charity_name\":\"UNICEF\"}\">\n   |    |    |    |    |    |    |    |    |    |    | <RCTViewComponentView: 0x3258a35d0; frame = (42 13; 291 22); layer = <CALayer: 0x600002108040>>\n   |    |    |    |    |    |    |    |    |    |    | <RCTParagraphComponentView: 0x3258a2e80; frame = (18 15; 10 18); text = \"4\"; ax.label = \"4\"; layer = <CALayer: 0x600002108140>>\n   |    |    |    |    |    |    |    |    |    |    |    | <RCTParagraphTextView: 0x3258a3350; frame = (0 0; 10 18); layer = <CALayer: 0x600002108120>>\n   |    |    |    |    |    |    |    |    |    |    |    | <RCTAccessibilityElement: 0x6000004b09c0; ax.frame = (0 0; 10 18); ax.label = \"4\">\n   |    |    |    |    |    |    |    |    |    |    | <RCTViewComponentView: 0x325896510; frame = (14 15; 18 18); layer = <CALayer: 0x600002108160>>\n   |    |    |    |    |    |    |    |    |    |    | <RCTViewComponentView: 0x325897d40; frame = (12 13; 22 22); layer = <CALayer: 0x6000021081a0>>\n   |    |    |    |    |    |    |    | <RCTViewComponentView: 0x328658580; frame = (0 0; 370 48.6667); ax.label = \"! Open debugger to view warnings.\"; layer = <CALayer: 0x6000021c3680>>\n   |    |    |    |    |    |    |    |    | <RCTViewComponentView: 0x328658860; frame = (0 0.666667; 370 48); ax.label = \"! Open debugger to view warnings.\"; layer = <CALayer: 0x6000021c3540>>\n   |    |    |    |    |    |    |    |    |    | <RCTViewComponentView: 0x328658b40; frame = (0 0.333333; 370 48); ax.label = \"! Open debugger to view warnings.\"; layer = <CALayer: 0x6000021c3de0>>\n   |    |    |    |    |    |    |    |    |    |    | <RCTViewComponentView: 0x32865a240; frame = (338 14; 20 20); layer = <CALayer: 0x6000021c34e0>>\n   |    |    |    |    |    |    |    |    |    |    |    | <RCTImageComponentView: 0x32865a520; frame = (6 6; 8 8); layer = <CALayer: 0x6000021c34a0>>\n   |    |    |    |    |    |    |    |    |    |    |    |    | <RCTUIImageViewAnimated: 0x32865a830; frame = (0 0; 8 8); layer = <CALayer: 0x6000021c3420>>\n   |    |    |    |    |    |    |    |    |    |    | <RCTParagraphComponentView: 0x328659c80; frame = (51 13; 282 22); text = \"Open debugger to view warnings.\"; ax.label = \"Open debugger to view warnings.\"; layer = <CALayer: 0x6000021c2f80>>\n   |    |    |    |    |    |    |    |    |    |    |    | <RCTParagraphTextView: 0x328659fc0; frame = (0 0; 282 22); layer = <CALayer: 0x6000021c35e0>>\n   |    |    |    |    |    |    |    |    |    |    |    | <RCTAccessibilityElement: 0x600000493840; ax.frame = (0 0; 282 22); ax.label = \"Open debugger to view warnings.\">\n   |    |    |    |    |    |    |    |    |    |    | <RCTViewComponentView: 0x3286599a0; frame = (42 13; 291 22); layer = <CALayer: 0x6000021c3620>>\n   |    |    |    |    |    |    |    |    |    |    | <RCTParagraphComponentView: 0x3286593e0; frame = (18 15; 10 18); text = \"!\"; ax.label =
[...]
|    |    |    |    |    |    |    |    |    |    | <RCTEnhancedScrollView: 0x3294f1400; frame = (0 0; 390 844); layer = <CALayer: 0x6000026999c0>>\n       |    |    |    |    |    |    |    |    |    |    |    |    |    |    |    |    |    |    |    |    |    | <_UIScrollViewScrollIndicator: 0x325963540; frame = (44.3333 838; 301 3); ax.label = \"Horizontal scroll bar, 1 page\"; ax.value = \"0%\"; layer = <CALayer: 0x600002128d40>>\n       |    |    |    |    |    |    |    |    |    |    |    |    |    |    |    |    |    |    |    |    |    |    | <UIView: 0x318c0f460; frame = (0 0; 301 3); layer = <CALayer: 0x600002128e20>>\n       |    |    |    |    |    |    |    |    |    |    |    |    |    |    |    |    |    |    |    |    |    | <UIView: 0x326c0f9d0; frame = (0 0; 390 914); layer = <CALayer: 0x600002699ce0>>\n       |    |    |    |    |    |    |    |    |    |    |    |    |    |    |    |    |    |    |    |    |    |    | <RCTViewComponentView: 0x326c0fb70; frame = (0 0; 390 914); ax.label = \"  Payment couldn't be processed Your card was declined. Please try a different payment method. Goal Summary  Fitness Goal  Commitment: $50  Charity: UNICEF Your goal hasn't been created yet. You can try again or use a different payment method. No charges have been made. Try Again Use Different Card Need Help? Cancel Goal\"; layer = <CALayer: 0x600002699d20>>\n       |    |    |    |    |    |    |    |    |    |    |    |    |    |    |    |    |    |    |    |    |    |    |    | <RCTViewComponentView: 0x326c10f90; frame = (16 638; 358 244); ax.label = \"Try Again Use Different Card Need Help? Cancel Goal\"; layer = <CALayer: 0x600002699e00>>\n       |    |    |    |    |    |    |    |    |    |    |    |    |    |    |    |    |    |    |    |    |    |    |    |    | <RCTViewComponentView: 0x3258abf80; frame = (0 200; 358 44); ax.id = \"payment-failed-cancel-link\"; ax.label = \"Cancel Goal\"; layer = <CALayer: 0x60000214a5c0>>\n       |    |    |    |    |    |    |    |    |    |    |    |    |    |    |    |    |    |    |    |    |    |    |    |    |    | <RCTParagraphComponentView: 0x3258ad730; frame = (140 13.3333; 77.6667 17); text = \"Cancel Goal\"; ax.label = \"Cancel Goal\"; layer = <CALayer: 0x60000214aa40>>\n       |    |    |    |    |    |    |    |    |    |    |    |    |    |    |    |    |    |    |    |    |    |    |    |    |    |    | <RCTParagraphTextView: 0x3258ada70; frame = (0 0; 77.6667 17); layer = <CALayer: 0x60000214aa60>>\n       |    |    |    |    |    |    |    |    |    |    |    |    |    |    |    |    |    |    |    |    |    |    |    |    |    |    | <RCTAccessibilityElement: 0x6000004b84e0; ax.frame = (0 0; 77.6667 17); ax.label = \"Cancel Goal\">\n       |    |    |    |    |    |    |    |    |    |    |    |    |    |    |    |    |    |    |    |    |    |    |    |    | <RCTViewComponentView: 0x3258abca0; frame = (0 136; 358 44); ax.id = \"payment-failed-help-link\"; ax.label = \"Need Help?\"; layer = <CALayer: 0x60000214a820>>\n       |    |    |    |    |    |    |    |    |    |    |    |    |    |    |    |    |    |    |    |    |    |    |    |    |    | <RCTParagraphComponentView: 0x3258ad040; frame = (135.667 12.3333; 86.3333 19.3334); text = \"Need Help?\"; ax.label = \"Need Help?\"; layer = <CALayer: 0x60000214a9a0>>\n       |    |    |    |    |    |    |    |    |    |    |    |    |    |    |    |    |    |    |    |    |    |    |    |    |    |    | <RCTParagraphTextView: 0x3258ad380; frame = (0 0; 86.3333 19.3334); layer = <CALayer: 0x60000214a9c0>>\n       |    |    |    |    |    |    |    |    |    |    |    |    |    |    |    |    |    |    |    |    |    |    |    |    |    |    | <RCTAccessibilityElement: 0x6000004b83c0; ax.frame = (0 0; 86.3333 19.3334); ax.label = \"Need Help?\">\n       |    |    |    |    |    |    |    |    |    |    |    |    |    |    |    |    |    |    |    |    |    |    |    |    | <RCTViewComponentView: 0x3258ab9c0; frame = (0 68; 358 48); ax.id = \"payment-failed-different-card-button\"; ax.label = \"Use Different Card\"; layer = <CALayer: 0x60000214a840>>\n       |    |    |    |    |    |    |    |    |    |    |    |    |    |    |    |    |    |    |    |    |    |    |    |    |    | <RCTParagraphComponentView: 0x3258ac950; frame = (108.667 14.3333; 140.667 19.3334); text = \"Use Different Card\"; ax.label = \"Use Different Card\"; layer = <CALayer: 0x60000214a900>>\n       |    |    |    |    |    |    |    |    |    |    |    |    |    |    |    |    |    |    |    |    |    |    |    |    |    |    | <RCTParagraphTextView: 0x3258acc90; frame = (0 0; 140.667 19.3334); layer = <CALayer: 0x60000214a920>>\n       |    |    |    |    |    |    |    |    |    |    |    |    |    |    |    |    |    |    |    |    |    |    |    |    |    |    | <RCTAccessibilityElement: 0x6000004b86c0; ax.frame = (0 0; 140.667 19.3334); ax.label = \"Use Different Card\">\n       |    |    |    |    |    |    |    |    |    |    |    |    |    |    |    |    |    |    |    |    |    |    |    |    | <RCTViewComponentView: 0x3258ab6e0; frame = (0 0; 358 56); ax.id = \"payment-failed-try-again-button\"; ax.label = \"Try Again\"; layer = <CALayer: 0x60000214a7e0>>\n       |    |    |    |    |    |    |    |    |    |    |    |    |    |    |    |    |    |    |    |    |    |    |    |    |    | <RCTParagraphComponentView: 0x3258ac260; frame = (138.333 17; 81.3333 21.6667); text = \"Try Again\"; ax.label = \"Try Again\"; layer = <CALayer: 0x60000214a800>>\n       |    |    |    |    |    |    |    |    |    |    |    |    |    |    |    |    |    |    |    |    |    |    |    |    |    |    | <RCTParagraphTextView: 0x3258ac5a0; frame = (0 0; 81.3333 21.6667); layer = <CALayer: 0x60000214a880>>\n       |    |    |    |    |    |    |    |    |    |    |    |    |    |    |    |    |    |    |    |    |    |    |    |    |    |    | <RCTAccessibilityElement: 0x6000004b8480; ax.frame = (0 0; 81.3333 21.6667); ax.label = \"Try Again\">\n       |    |    |    |    |    |    |    |    |    |    |    |    |    |    |    |    |    |    |    |    |    |    |    | <RCTViewComponentView: 0x326c10cb0; frame = (16 538; 358 68); ax.label = \"Your goal hasn't been created yet. You can try again or use a different payment method. No charges have been made.\"; layer = <CALayer: 0x600002699de0>>\n       |    |    |    |    |    |    |    |    |    |    |    |    |    |    |    |    |    |    |    |    |    |    |    |    | <RCTParagraphComponentView: 0x3258aaff0; frame = (16 48; 326 20); text = \"No charges have been made.\"; ax.label = \"No charges have been made.\"; layer = <CALayer: 0x60000214a720>>\n       |    |    |    |    |    |    |    |    |    |    |    |    |    |    |    |    |    |    |    |    |    |    |    |    |    | <RCTParagraphTextView: 0x3258ab330; frame = (0 0; 326 20); layer = <CALayer: 0x60000214a740>>\n       |    |    |    |    |    |    |    |    |    |    |    |    |    |    |    |    |    |    |    |    |    |    |    |    |    | <RCTAccessibilityElement: 0x6000004b8540; ax.frame = (0 0; 326 20); ax.label = \"No charges have been made.\">\n       |    |    |    |    |    |    |    |    |    |    |    |    |    |    |    |    |    |    |    |    |    |    |    |    | <RCTParagraphComponentView: 0x3258aaa30; frame = (16 0; 326 40); text = \"Your goal hasn't been created yet. You can try again or use a different payment method.\"; ax.label = \"Your goal hasn't been created yet. You can try again or use a different payment method.\"; layer = <CALayer: 0x60000214a6a0>>\n       |    |    |    |    |    |    |    |    |    |    |    |    |    |    |    |    |    |    |    |    |    |    |    |    |    | <RCTParagraphTextView: 0x3258aad70; frame = (0 0; 326 40); layer = <CALayer: 0x60000214a6c0>>\n       |    |    |    |    |    |    |    |    |    |    |    |    |    |    |    |    |    |    |    |    |    |    |    |    |    | <RCTAccessibilityElement: 0x6000004b87e0; ax.frame = (0 0; 326 40); ax.label = \"Your goal hasn't been created yet. You can try again or use a different payment method.\">\n       |    |    |    |    |    |    |    |    |    |    |    |    |    |    |    |    |    |    |    |    |    |    |    | <RCTViewComponentView: 0x326c109d0; frame = (16 364; 358 150); ax.id = \"payment-failed-goal-summary\"; ax.label = \"Goal Summary  Fitness Goal  Commitment: $50  Charity: UNICEF\"; layer = <CALayer: 0x600002699dc0>>\n       |    |    |    |    |    |    |    |    |    |    |    |    |    |    |    |    |    |    |    |    |    |    |    |    | <RCTParagraphComponentView: 0x3258aa6f0; frame = (45 105; 296 20); text = \"Charity: UNICEF\"; ax.label = \"Charity: UNICEF\"; layer = <CALayer: 0x60000214a540>>\n       |    |    |    |    |    |    |    |    |    |    |    |    |    |    |    |    |    |    |    |    |    |    |    |    |    | <RCTParagraphTextView: 0x3258a05b0; frame = (0 0; 296 20); layer = <CALayer: 0x60000214a560>>\n       |    |    |    |    |    |    |    |    |    |    |    |    |    |    |    |    |    |    |    |    |    |    |    |    |    | <RCTAccessibilityElement: 0x6000004b88a0; ax.frame = (0 0; 296 20); ax.label = \"Charity: UNICEF\">\n       |    |    |    |    |    |    |    |    |    |    |    |    |    |    |    |    |    |    |    |    |    |    |    |    | <RCTParagraphComponentView: 0x3258aa130; frame = (17 105; 20 20); text = \"\"; ax.label = \"\"; layer = <CALayer: 0x60000214a4c0>>\n       |    |    |    |    |    |    |    |    |    |    |    |    |    |    |    |    |    |    |    |    |    |    |    |    |    | <RCTParagraphTextView: 0x3258aa470; frame = (0 0; 20 20); layer = <CALayer: 0x60000214a4e0>>\n       |    |    |    |    |    |    |    |    |    |    |    |    |    |    |    |    |    |    |    |    |    |    |    |    |    | <RCTAccessibilityElement: 0x6000004b8780; ax.frame = (0 0; 20 20); ax.label = \"\">\n       |    |    |    |    |    |    |    |    |    |    |    |    |    |    |    |    |    |    |    |    |    |    |    |    | <RCTParagraphComponentView: 0x3258a9b70; frame = (45 77; 296 20); text = \"Commitment: $50\"; ax.label = \"Commitment: $50\"; layer = <CALayer: 0x60000214a440>>\n       |    |    |    |    |    |    |    |    |    |    |    |    |    |    |    |    |    |    |    |    |    |    |    |    |    | <RCTParagraphTextView: 0x3258a9eb0; frame = (0 0; 296 20); layer = <CALayer: 0x60000214a460>>\n       |    |    |    |    |    |    |    |    |    |    |    |    |    |    |    |    |    |    |    |    |    |    |    |    |    | <RCTAccessibilityElement: 0x6000004b0960; ax.frame = (0 0; 296 20); ax.label = \"Commitment: $50\">\n       |    |    |    |    |    |    |    |    |    |    |    |    |    |    |    |    |    |    |    |    |    |    |    |    | <RCTParagraphComponentView: 0x3258a95b0; frame = (17 77; 20 20); text = \"\"; ax.label = \"\"; layer = <CALayer: 0x60000214a3c0>>\n       |    |    |    |    |    |    |    |    |    |    |    |    |    |    |    |    |    |    |    |    |    |    |    |    |    | <RCTParagraphTextView: 0x3258a98f0; frame = (0 0; 20 20); layer = <CALayer: 0x60000214a3e0>>\n       |    |    |    |    |    |    |    |    |    |    |    |    |    |    |    |    |    |    |    |    |    |    |    |    |    | <RCTAccessibilityElement: 0x6000004b8ba0; ax.frame = (0 0; 20 20); ax.label = \"\">\n       |    |    |    |    |    |    |    |    |    |    |    |    |    |    |    |    |    |    |    |    |    |    |    |    | <RCTParagraphComponentView: 0x3258a8ff0; frame = (45 49; 296 20); text = \"Fitness Goal\"; ax.label = \"Fitness Goal\"; layer = <CALayer: 0x60000214a2e0>>\n       |    |    |    |    |    |    |    |    |    |    |    |    |    |    |    |    |    |    |    |    |    |    |    |    |    | <RCTParagraphTextView: 0x3258a9330; frame = (0 0; 296 20); layer = <CALayer: 0x60000214a360>>\n       |    |    |    |    |    |    |    |    |    |    |    |    |    |    |    |    |    |    |    |    |    |    |    |    |    | <RCTAccessibilityElement: 0x6000004b8c00; ax.frame = (0 0; 296 20); ax.label = \"Fitness Goal\">\n       |    |    |    |    |    |    |    |    |    |    |    |    |    |    |    |    |    |    |    |    |    |    |    |    | <RCTParagraphComponentView: 0x3258a8a30; frame = (17 49; 20 20); text = \"\"; ax.label = \"\"; layer = <CALayer: 0x60000214a2c0>>\n       |    |    |    |    |    |    |    |    |    |    |    |    |    |    |    |    |    |    |    |    |    |    |    |    |    | <RCTParagraphTextView: 0x3258a8d70; frame = (0 0; 20 20); layer = <CALayer: 0x60000214a320>>\n       |    |    |    |    |    |    |    |    |    |    |    |    |    |    |    |    |    |    |    |    |    |    |    |    |    | <RCTAccessibilityElement: 0x6000004b8d80; ax.frame = (0 0; 20 20); ax.label = \"\">\n       |    |    |    |    |    |    |    |    |    |    |    |    |    |    |    |    |    |    |    |    |    |    |    |    | <RCTParagraphComponentView: 0x3258a86f0; frame = (17 17; 324 20); text = \"Goal Summary\"; ax.label = \"Goal Summary\"; layer = <CALayer: 0x60000214a240>>\n       |    |    |    |    |    |    |    |    |    |    |    |    |    |    |    |    |    |    |    |    |    |    |    |    |    | <RCTParagraphTextView: 0x3258a8410; frame = (0 0; 324 20); layer = <CALayer: 0x60000214a260>>\n       |    |    |    |    |    |    |    |    |    |    |    |    |    |    |    |    |    |    |    |    |    |    |    |    |    | <RCTAccessibilityElement: 0x6000004b8e40; ax.frame = (0 0; 324 20); ax.label = \"Goal Summary\">\n       |    |    |    |    |    |    |    |    |    |    |    |    |    |    |    |    |    |    |    |    |    |    |    | <RCTViewComponentView: 0x326c106f0; frame = (16 292; 358 48); ax.id = \"payment-failed-error-message\"; ax.label = \"Your card was declined. Please try a different payment method.\"; layer = <CALayer: 0x600002699da0>>\n       |    |    |    |    |    |    |    |    |    |    |    |    |    |    |    |    |    |    |    |    |    |    |    |    | <RCTParagraphComponentView: 0x3258a7ae0; frame = (16 0; 326 48); text = \"Your card was declined. Please try a different payment method.\"; ax.label = \"Your card was declined. Please try a different payment method.\"; layer = <CALayer: 0x60000214a1a0>>\n       |    |    |    |    |    |    |    |    |    |    |    |    |    |    |    |    |    |    |    |    |    |    |    |    |    | <RCTParagraphTextView: 0x3258a6a00; frame = (0 0; 326 48); layer = <CALayer: 0x60000214a1c0>>\n       |    |    |    |    |    |    |    |    |    |    |    |    |    |    |    |    |    |    |    |    |    |    |    |    |    | <RCTAccessibilityElement: 0x6000004b43c0; ax.frame = (0 0; 326 48); ax.label = \"Your card was declined. Please try a different payment method.\">\n       |    |    |    |    |    |    |    |    |    |    |    |    |    |    |    |    |    |    |    |    |    |    |    | <RCTViewComponentView: 0x326c10410; frame = (16 244; 358 32); ax.label = \"Payment couldn't be processed\"; layer = <CALayer: 0x600002699d80>>\n       |    |    |    |    |    |    |    |    |    |    |    |    |    |    |    |    |    |    |    |    |    |    |    |    | <RCTParagraphComponentView: 0x3258959c0; frame = (0 0; 358 32); text = \"Payment couldn't be processed\"; ax.label = \"Payment couldn't be processed\"; layer = <CALayer: 0x60000214a120>>\n       |    |    |    |    |    |    |    |    |    |    |    |    |    |    |    |    |    |    |    |    |    |    |    |    |    | <RCTParagraphTextView: 0x3258a7650; frame = (0 0; 358 32); layer = <CALayer: 0x60000214a100>>\n       |    |    |    |    |    |    |    |    |    |    |    |    |    |    |    |    |    |    |    |    |    |    |    |    |    | <RCTAccessibilityElement: 0x6000004b8720; ax.frame = (0 0; 358 32); ax.label = \"Payment couldn't be processed\">\n       |    |    |    |    |    |    |    |    |    |    |    |    |    |    |    |    |    |    |    |    |    |    |    | <RCTViewComponentView: 0x326c10130; frame = (16 124; 358 96); ax.label = \"\"; layer = <CALayer: 0x600002699d60>>\n       |    |    |    |    |    |    |    |    |    |    |    |    |    |    |    |    |    |    |    |    |    |    |    |    | <RCTParagraphComponentView: 0x326c12240; frame = (147 16; 64 64); text = \"\"; ax.label = \"\"; layer = <CALayer: 0x600002699f20>>\n       |    |    |    |    |    |    |    |    |    |    |    |    |    |    |    |    |    |    |    |    |    |    |    |    |    | <RCTParagraphTextView: 0x326c12580; frame = (0 0; 64 64); layer = <CALayer: 0x600002699f40>>\n       |    |    |    |    |    |    |    |    |    |    |    |    |    |    |    |    |    |    |    |    |    |    |    |    |    | <RCTAccessibilityElement: 0x6000004b82a0; ax.frame = (0 0; 64 64); ax.label = \"\">\n       |    |    |    |    |    |    |    |    |    |    |    |    |    |    |    |    |    |    |    |    |    |    |    |    | <RCTViewComponentView: 0x326c11f60; frame = (131 0; 96 96); layer = <CALayer: 0x600002699f00>>\n       |    |    |    |    |    |    |    |    |    |    |    |    |    |    |    |    |    |    |    |    |    |    |    | <RCTViewComponentView: 0x326c0fe50; frame = (16 60; 358 44); ax.label = \"\"; layer = <CALayer: 0x600002699d40>>\n       |    |    |    |    |    |    |    |    |    |    |    |    |    |    |    |    |    |    |    |    |    |    |    |    | <RCTViewComponentView: 0x326c11270; frame = (0 0; 44 44); ax.id = \"payment-failed-back-button\"; ax.label = \"\"; layer = <CALayer: 0x600002699e20>>\n       |    |    |    |    |    |    |    |    |    |    |    |    |    |    |    |    |    |    |    |    |    |    |    |    |    | <RCTParagraphComponentView: 0x326c11550; frame = (10 10; 24 24); text = \"\"; ax.label = \"\"; layer = <CALayer: 0x600002699e40>>\n       |    |    |    |    |    |    |    |    |    |    |    |    |    |    |    |    |    |    |    |    |    |    |    |    |    |    | <RCTParagraphTextView: 0x326c11890; frame = (0 0; 24 24); layer = <CALayer: 0x600002699e60>>\n       |    |    |    |    |    |    |    |    |    |    |    |    |    |    |    |    |    |    |    |    |    |    |    |    |    |    | <RCTAccessibilityElement: 0x6000004b89c0; ax.frame = (0 0; 24 24); ax.label = \"\">\n       |    |    |    |    |    |    |    |    |    |    |    |    |    |    |    |    |    |    |    | <RCTViewComponentView: 0x3269fa060; frame = (0 0; 390 844); ax.id = \"payment-failed-screen\"; layer = <CALayer: 0x600002699980>>\n       |    |    |    |    |    |    |    | <RCTViewComponentView: 0x32983fa60; frame = (0 0; 390 844); ax.id = \"app-root\"; layer = <CALayer: 0x60000219f420>>\n\n    \u001b[0m \u001b[90m 102 |\u001b[39m     \u001b[36mawait\u001b[39m waitFor(element(by\u001b[33m.\u001b[39mid(\u001b[32m'payment-failed-different-card-button'\u001b[39m)))\n     \u001b[90m 103 |\u001b[39m       \u001b[33m.\u001b[39mtoBeVisible()\n    \u001b[31m\u001b[1m>\u001b[22m\u001b[39m\u001b[90m 104 |\u001b[39m       \u001b[33m.\u001b[39mwithTimeout(\u001b[35m2000\u001b[39m)\u001b[33m;\u001b[39m\n     \u001b[90m     |\u001b[39m        \u001b[31m\u001b[1m^\u001b[22m\u001b[39m\n     \u001b[90m 105 |\u001b[39m\n     \u001b[90m 106 |\u001b[39m     \u001b[36mawait\u001b[39m device\u001b[33m.\u001b[39mtakeScreenshot(\u001b[32m'mobile-e2e/screenshots/flow-102/09-before-change-payment-method'\u001b[39m)\u001b[33m;\u001b[39m\n     \u001b[90m 107 |\u001b[39m\u001b[0m\n\n      at Object.withTimeout (mobile-e2e/flow-102-payment-failure-and-retry.test.js:104:8)\n      at asyncGeneratorStep (node_modules/@babel/runtime/helpers/asyncToGenerator.js:3:17)\n      at _next (node_modules/@babel/runtime/helpers/asyncToGenerator.js:17:9)\n","name":"/Users/omertzadiki/Desktop/dev/tzrif86/products/MicroCommit/mobile-e2e/flow-102-payment-failure-and-retry.test.js","startTime":1763164470433,"status":"failed","summary":""}],"wasInterrupted":false}
