{"numFailedTestSuites":0,"numFailedTests":0,"numPassedTestSuites":3,"numPassedTests":3,"numPendingTestSuites":0,"numPendingTests":0,"numRuntimeErrorTestSuites":0,"numTodoTests":0,"numTotalTestSuites":3,"numTotalTests":3,"openHandles":[],"snapshot":{"added":0,"didUpdate":false,"failure":false,"filesAdded":0,"filesRemoved":0,"filesRemovedList":[],"filesUnmatched":0,"filesUpdated":0,"matched":0,"total":0,"unchecked":0,"uncheckedKeysByFile":[],"unmatched":0,"updated":0},"startTime":1763040231795,"success":true,"testResults":[{"assertionResults":[{"ancestorTitles":["Payment Failure & Retry Flow - Complete flow from app launch through payment failure and retry"],"duration":38434,"failureDetails":[],"failureMessages":[],"fullName":"Payment Failure & Retry Flow - Complete flow from app launch through payment failure and retry should complete payment failure and retry flow with all recovery options","invocations":1,"location":null,"numPassingAsserts":0,"retryReasons":[],"status":"passed","title":"should complete payment failure and retry flow with all recovery options"}],"endTime":1763040384191,"message":"","name":"/Users/omertzadiki/Desktop/dev/tzrif86/products/MicroCommit/mobile-e2e/flow-102-payment-failure-and-retry.test.js","startTime":1763040233220,"status":"passed","summary":""},{"assertionResults":[{"ancestorTitles":["Payment Failed Screen - Complete flow from app launch through all error scenarios"],"duration":32744,"failureDetails":[],"failureMessages":[],"fullName":"Payment Failed Screen - Complete flow from app launch through all error scenarios should display all error types, test navigation, and user interactions","invocations":1,"location":null,"numPassingAsserts":0,"retryReasons":[],"status":"passed","title":"should display all error types, test navigation, and user interactions"}],"endTime":1763040484283,"message":"","name":"/Users/omertzadiki/Desktop/dev/tzrif86/products/MicroCommit/mobile-e2e/screen-167-payment-screen.test.js","startTime":1763040384643,"status":"passed","summary":""},{"assertionResults":[{"ancestorTitles":["MicroCommit - Basic app launch and navigation flow"],"duration":14225,"failureDetails":[],"failureMessages":[],"fullName":"MicroCommit - Basic app launch and navigation flow should launch app and complete basic navigation","invocations":1,"location":null,"numPassingAsserts":0,"retryReasons":[],"status":"passed","title":"should launch app and complete basic navigation"}],"endTime":1763040557877,"message":"","name":"/Users/omertzadiki/Desktop/dev/tzrif86/products/MicroCommit/mobile-e2e/basic.test.js","startTime":1763040485780,"status":"passed","summary":""}],"wasInterrupted":false}
